<?xml version="1.0" encoding="UTF-8" ?>
<testsuite tests="5" failures="2" name="co.edu.uniandes.csw.traducciones.persistence.SolicitudPersistenceTest" time="35.511" errors="3" skipped="0">
  <properties>
[...]
</properties>
  <testcase classname="co.edu.uniandes.csw.traducciones.persistence.SolicitudPersistenceTest" name="testFindAll" time="4.308">
    <failure message="expected:&lt;3&gt; but was:&lt;0&gt;" type="java.lang.AssertionError">java.lang.AssertionError: expected:&lt;3&gt; but was:&lt;0&gt;
	at org.junit.Assert.fail(Assert.java:88)
	at org.junit.Assert.failNotEquals(Assert.java:834)
	at org.junit.Assert.assertEquals(Assert.java:645)
	at org.junit.Assert.assertEquals(Assert.java:631)
	at co.edu.uniandes.csw.traducciones.persistence.SolicitudPersistenceTest.testFindAll(SolicitudPersistenceTest.java:147)
	at sun.reflect.NativeMethodAccessorImpl.invoke0(Native Method)
	at sun.reflect.NativeMethodAccessorImpl.invoke(NativeMethodAccessorImpl.java:62)
	at sun.reflect.DelegatingMethodAccessorImpl.invoke(DelegatingMethodAccessorImpl.java:43)
	at java.lang.reflect.Method.invoke(Method.java:498)
	at org.junit.runners.model.FrameworkMethod$1.runReflectiveCall(FrameworkMethod.java:50)
	at org.junit.internal.runners.model.ReflectiveCallable.run(ReflectiveCallable.java:12)
	at org.junit.runners.model.FrameworkMethod.invokeExplosively(FrameworkMethod.java:47)
	at org.jboss.arquillian.junit.Arquillian$8$1.invoke(Arquillian.java:374)
	at org.jboss.arquillian.container.test.impl.execution.LocalTestExecuter.execute(LocalTestExecuter.java:60)
	at sun.reflect.NativeMethodAccessorImpl.invoke0(Native Method)
	at sun.reflect.NativeMethodAccessorImpl.invoke(NativeMethodAccessorImpl.java:62)
	at sun.reflect.DelegatingMethodAccessorImpl.invoke(DelegatingMethodAccessorImpl.java:43)
	at java.lang.reflect.Method.invoke(Method.java:498)
	at org.jboss.arquillian.core.impl.ObserverImpl.invoke(ObserverImpl.java:94)
	at org.jboss.arquillian.core.impl.EventContextImpl.invokeObservers(EventContextImpl.java:99)
	at org.jboss.arquillian.core.impl.EventContextImpl.proceed(EventContextImpl.java:81)
	at org.jboss.arquillian.core.impl.ManagerImpl.fire(ManagerImpl.java:145)
	at org.jboss.arquillian.core.impl.ManagerImpl.fire(ManagerImpl.java:116)
	at org.jboss.arquillian.core.impl.EventImpl.fire(EventImpl.java:67)
	at org.jboss.arquillian.container.test.impl.execution.ContainerTestExecuter.execute(ContainerTestExecuter.java:38)
	at sun.reflect.NativeMethodAccessorImpl.invoke0(Native Method)
	at sun.reflect.NativeMethodAccessorImpl.invoke(NativeMethodAccessorImpl.java:62)
	at sun.reflect.DelegatingMethodAccessorImpl.invoke(DelegatingMethodAccessorImpl.java:43)
	at java.lang.reflect.Method.invoke(Method.java:498)
	at org.jboss.arquillian.core.impl.ObserverImpl.invoke(ObserverImpl.java:94)
	at org.jboss.arquillian.core.impl.EventContextImpl.invokeObservers(EventContextImpl.java:99)
	at org.jboss.arquillian.core.impl.EventContextImpl.proceed(EventContextImpl.java:81)
	at org.jboss.arquillian.test.impl.TestContextHandler.createTestContext(TestContextHandler.java:130)
	at sun.reflect.NativeMethodAccessorImpl.invoke0(Native Method)
	at sun.reflect.NativeMethodAccessorImpl.invoke(NativeMethodAccessorImpl.java:62)
	at sun.reflect.DelegatingMethodAccessorImpl.invoke(DelegatingMethodAccessorImpl.java:43)
	at java.lang.reflect.Method.invoke(Method.java:498)
	at org.jboss.arquillian.core.impl.ObserverImpl.invoke(ObserverImpl.java:94)
	at org.jboss.arquillian.core.impl.EventContextImpl.proceed(EventContextImpl.java:88)
	at org.jboss.arquillian.test.impl.TestContextHandler.createClassContext(TestContextHandler.java:92)
	at sun.reflect.NativeMethodAccessorImpl.invoke0(Native Method)
	at sun.reflect.NativeMethodAccessorImpl.invoke(NativeMethodAccessorImpl.java:62)
	at sun.reflect.DelegatingMethodAccessorImpl.invoke(DelegatingMethodAccessorImpl.java:43)
	at java.lang.reflect.Method.invoke(Method.java:498)
	at org.jboss.arquillian.core.impl.ObserverImpl.invoke(ObserverImpl.java:94)
	at org.jboss.arquillian.core.impl.EventContextImpl.proceed(EventContextImpl.java:88)
	at org.jboss.arquillian.test.impl.TestContextHandler.createSuiteContext(TestContextHandler.java:73)
	at sun.reflect.NativeMethodAccessorImpl.invoke0(Native Method)
	at sun.reflect.NativeMethodAccessorImpl.invoke(NativeMethodAccessorImpl.java:62)
	at sun.reflect.DelegatingMethodAccessorImpl.invoke(DelegatingMethodAccessorImpl.java:43)
	at java.lang.reflect.Method.invoke(Method.java:498)
	at org.jboss.arquillian.core.impl.ObserverImpl.invoke(ObserverImpl.java:94)
	at org.jboss.arquillian.core.impl.EventContextImpl.proceed(EventContextImpl.java:88)
	at org.jboss.arquillian.core.impl.ManagerImpl.fire(ManagerImpl.java:145)
	at org.jboss.arquillian.test.impl.EventTestRunnerAdaptor.test(EventTestRunnerAdaptor.java:136)
	at org.jboss.arquillian.junit.Arquillian$8.evaluate(Arquillian.java:367)
	at org.jboss.arquillian.junit.Arquillian$4.evaluate(Arquillian.java:245)
	at org.jboss.arquillian.junit.Arquillian.multiExecute(Arquillian.java:426)
	at org.jboss.arquillian.junit.Arquillian.access$200(Arquillian.java:54)
	at org.jboss.arquillian.junit.Arquillian$5.evaluate(Arquillian.java:259)
	at org.jboss.arquillian.junit.Arquillian$7$1.invoke(Arquillian.java:319)
	at org.jboss.arquillian.container.test.impl.execution.BeforeLifecycleEventExecuter.on(BeforeLifecycleEventExecuter.java:35)
	at sun.reflect.NativeMethodAccessorImpl.invoke0(Native Method)
	at sun.reflect.NativeMethodAccessorImpl.invoke(NativeMethodAccessorImpl.java:62)
	at sun.reflect.DelegatingMethodAccessorImpl.invoke(DelegatingMethodAccessorImpl.java:43)
	at java.lang.reflect.Method.invoke(Method.java:498)
	at org.jboss.arquillian.core.impl.ObserverImpl.invoke(ObserverImpl.java:94)
	at org.jboss.arquillian.core.impl.EventContextImpl.invokeObservers(EventContextImpl.java:99)
	at org.jboss.arquillian.core.impl.EventContextImpl.proceed(EventContextImpl.java:81)
	at org.jboss.arquillian.test.impl.TestContextHandler.createTestContext(TestContextHandler.java:130)
	at sun.reflect.NativeMethodAccessorImpl.invoke0(Native Method)
	at sun.reflect.NativeMethodAccessorImpl.invoke(NativeMethodAccessorImpl.java:62)
	at sun.reflect.DelegatingMethodAccessorImpl.invoke(DelegatingMethodAccessorImpl.java:43)
	at java.lang.reflect.Method.invoke(Method.java:498)
	at org.jboss.arquillian.core.impl.ObserverImpl.invoke(ObserverImpl.java:94)
	at org.jboss.arquillian.core.impl.EventContextImpl.proceed(EventContextImpl.java:88)
	at org.jboss.arquillian.test.impl.TestContextHandler.createClassContext(TestContextHandler.java:92)
	at sun.reflect.NativeMethodAccessorImpl.invoke0(Native Method)
	at sun.reflect.NativeMethodAccessorImpl.invoke(NativeMethodAccessorImpl.java:62)
	at sun.reflect.DelegatingMethodAccessorImpl.invoke(DelegatingMethodAccessorImpl.java:43)
	at java.lang.reflect.Method.invoke(Method.java:498)
	at org.jboss.arquillian.core.impl.ObserverImpl.invoke(ObserverImpl.java:94)
	at org.jboss.arquillian.core.impl.EventContextImpl.proceed(EventContextImpl.java:88)
	at org.jboss.arquillian.test.impl.TestContextHandler.createSuiteContext(TestContextHandler.java:73)
	at sun.reflect.NativeMethodAccessorImpl.invoke0(Native Method)
	at sun.reflect.NativeMethodAccessorImpl.invoke(NativeMethodAccessorImpl.java:62)
	at sun.reflect.DelegatingMethodAccessorImpl.invoke(DelegatingMethodAccessorImpl.java:43)
	at java.lang.reflect.Method.invoke(Method.java:498)
	at org.jboss.arquillian.core.impl.ObserverImpl.invoke(ObserverImpl.java:94)
	at org.jboss.arquillian.core.impl.EventContextImpl.proceed(EventContextImpl.java:88)
	at org.jboss.arquillian.core.impl.ManagerImpl.fire(ManagerImpl.java:145)
	at org.jboss.arquillian.core.impl.ManagerImpl.fire(ManagerImpl.java:116)
	at org.jboss.arquillian.test.impl.EventTestRunnerAdaptor.fireCustomLifecycle(EventTestRunnerAdaptor.java:159)
	at org.jboss.arquillian.junit.Arquillian$7.evaluate(Arquillian.java:312)
	at org.junit.runners.ParentRunner.runLeaf(ParentRunner.java:325)
	at org.junit.runners.BlockJUnit4ClassRunner.runChild(BlockJUnit4ClassRunner.java:78)
	at org.junit.runners.BlockJUnit4ClassRunner.runChild(BlockJUnit4ClassRunner.java:57)
	at org.junit.runners.ParentRunner$3.run(ParentRunner.java:290)
	at org.junit.runners.ParentRunner$1.schedule(ParentRunner.java:71)
	at org.junit.runners.ParentRunner.runChildren(ParentRunner.java:288)
	at org.junit.runners.ParentRunner.access$000(ParentRunner.java:58)
	at org.junit.runners.ParentRunner$2.evaluate(ParentRunner.java:268)
	at org.jboss.arquillian.junit.Arquillian$2.evaluate(Arquillian.java:204)
	at org.jboss.arquillian.junit.Arquillian.multiExecute(Arquillian.java:426)
	at org.jboss.arquillian.junit.Arquillian.access$200(Arquillian.java:54)
	at org.jboss.arquillian.junit.Arquillian$3.evaluate(Arquillian.java:218)
	at org.junit.runners.ParentRunner.run(ParentRunner.java:363)
	at org.jboss.arquillian.junit.Arquillian.run(Arquillian.java:166)
	at org.junit.runner.JUnitCore.run(JUnitCore.java:137)
	at org.junit.runner.JUnitCore.run(JUnitCore.java:115)
	at org.jboss.arquillian.junit.container.JUnitTestRunner.execute(JUnitTestRunner.java:66)
	at org.jboss.arquillian.protocol.servlet.runner.ServletTestRunner.executeTest(ServletTestRunner.java:170)
	at org.jboss.arquillian.protocol.servlet.runner.ServletTestRunner.execute(ServletTestRunner.java:135)
	at org.jboss.arquillian.protocol.servlet.runner.ServletTestRunner.doGet(ServletTestRunner.java:98)
	at javax.servlet.http.HttpServlet.service(HttpServlet.java:687)
	at javax.servlet.http.HttpServlet.service(HttpServlet.java:790)
	at org.apache.catalina.core.StandardWrapper.service(StandardWrapper.java:1682)
	at org.apache.catalina.core.StandardWrapperValve.invoke(StandardWrapperValve.java:318)
	at org.apache.catalina.core.StandardContextValve.invoke(StandardContextValve.java:160)
	at org.apache.catalina.core.StandardPipeline.doInvoke(StandardPipeline.java:734)
	at org.apache.catalina.core.StandardPipeline.invoke(StandardPipeline.java:673)
	at com.sun.enterprise.web.WebPipeline.invoke(WebPipeline.java:99)
	at org.apache.catalina.core.StandardHostValve.invoke(StandardHostValve.java:174)
	at org.apache.catalina.connector.CoyoteAdapter.doService(CoyoteAdapter.java:415)
	at org.apache.catalina.connector.CoyoteAdapter.service(CoyoteAdapter.java:282)
	at com.sun.enterprise.v3.services.impl.ContainerMapper$HttpHandlerCallable.call(ContainerMapper.java:459)
	at com.sun.enterprise.v3.services.impl.ContainerMapper.service(ContainerMapper.java:167)
	at org.glassfish.grizzly.http.server.HttpHandler.runService(HttpHandler.java:201)
	at org.glassfish.grizzly.http.server.HttpHandler.doHandle(HttpHandler.java:175)
	at org.glassfish.grizzly.http.server.HttpServerFilter.handleRead(HttpServerFilter.java:235)
	at org.glassfish.grizzly.filterchain.ExecutorResolver$9.execute(ExecutorResolver.java:119)
	at org.glassfish.grizzly.filterchain.DefaultFilterChain.executeFilter(DefaultFilterChain.java:284)
	at org.glassfish.grizzly.filterchain.DefaultFilterChain.executeChainPart(DefaultFilterChain.java:201)
	at org.glassfish.grizzly.filterchain.DefaultFilterChain.execute(DefaultFilterChain.java:133)
	at org.glassfish.grizzly.filterchain.DefaultFilterChain.process(DefaultFilterChain.java:112)
	at org.glassfish.grizzly.ProcessorExecutor.execute(ProcessorExecutor.java:77)
	at org.glassfish.grizzly.nio.transport.TCPNIOTransport.fireIOEvent(TCPNIOTransport.java:561)
	at org.glassfish.grizzly.strategies.AbstractIOStrategy.fireIOEvent(AbstractIOStrategy.java:112)
	at org.glassfish.grizzly.strategies.WorkerThreadIOStrategy.run0(WorkerThreadIOStrategy.java:117)
	at org.glassfish.grizzly.strategies.WorkerThreadIOStrategy.access$100(WorkerThreadIOStrategy.java:56)
	at org.glassfish.grizzly.strategies.WorkerThreadIOStrategy$WorkerThreadRunnable.run(WorkerThreadIOStrategy.java:137)
	at org.glassfish.grizzly.threadpool.AbstractThreadPool$Worker.doWork(AbstractThreadPool.java:565)
	at org.glassfish.grizzly.threadpool.AbstractThreadPool$Worker.run(AbstractThreadPool.java:545)
	at java.lang.Thread.run(Thread.java:748)
</failure>
    <system-out>Found populator: org.glassfish.kernel.embedded.EmbeddedDomainXml
</system-out>
    <system-err>sep 29, 2017 10:59:14 PM org.glassfish.security.services.impl.authorization.AuthorizationServiceImpl initialize
INFORMACIÓN: Authorization Service has successfully initialized.
sep 29, 2017 10:59:14 PM org.hibernate.validator.internal.util.Version &lt;clinit&gt;
INFO: HV000001: Hibernate Validator 5.0.0.Final
sep 29, 2017 10:59:16 PM com.sun.enterprise.v3.services.impl.GrizzlyProxy start0
INFORMACIÓN: Grizzly Framework 2.3.15 started in: 219ms - bound to [/0.0.0.0:8080]
sep 29, 2017 10:59:16 PM com.sun.enterprise.v3.services.impl.GrizzlyService createNetworkProxy
INFORMACIÓN: Network listener https-listener on port 0 disabled per domain.xml
sep 29, 2017 10:59:16 PM com.sun.enterprise.v3.admin.adapter.AdminEndpointDecider setGuiContextRoot
INFORMACIÓN: Admin Console Adapter: context root: /admin
sep 29, 2017 10:59:16 PM com.sun.enterprise.v3.admin.adapter.AdminEndpointDecider setGuiContextRoot
INFORMACIÓN: Admin Console Adapter: context root: /admin
sep 29, 2017 10:59:16 PM com.sun.enterprise.v3.admin.adapter.AdminEndpointDecider setGuiContextRoot
INFORMACIÓN: Admin Console Adapter: context root: /admin
sep 29, 2017 10:59:18 PM com.sun.enterprise.v3.server.AppServerStartup postStartupJob
INFORMACIÓN: Undefined Product Name - define product and version info in config/branding  0.0.0  (0) startup time : Embedded (3.136ms), startup services(2.730ms), total(5.866ms)
sep 29, 2017 10:59:18 PM org.glassfish.admin.mbeanserver.JMXStartupService$JMXConnectorsStarterThread run
INFORMACIÓN: JMXStartupService has disabled JMXConnector system
sep 29, 2017 10:59:18 PM com.sun.enterprise.connectors.jms.util.JmsRaUtil getInstalledMqVersion
ADVERTENCIA: jmsra.upgrade_check_failed
sep 29, 2017 10:59:20 PM com.sun.enterprise.security.SecurityLifecycle &lt;init&gt;
INFORMACIÓN: Java security manager is disabled.
sep 29, 2017 10:59:20 PM com.sun.enterprise.security.SecurityLifecycle onInitialization
INFORMACIÓN: Entering Security Startup Service.
sep 29, 2017 10:59:20 PM com.sun.enterprise.security.PolicyLoader loadPolicy
INFORMACIÓN: Loading policy provider com.sun.enterprise.security.jacc.provider.SimplePolicyProvider.
sep 29, 2017 10:59:20 PM com.sun.enterprise.security.auth.realm.Realm doInstantiate
INFORMACIÓN: Realm [admin-realm] of classtype [com.sun.enterprise.security.auth.realm.file.FileRealm] successfully created.
sep 29, 2017 10:59:20 PM com.sun.enterprise.security.auth.realm.Realm doInstantiate
INFORMACIÓN: Realm [file] of classtype [com.sun.enterprise.security.auth.realm.file.FileRealm] successfully created.
sep 29, 2017 10:59:20 PM com.sun.enterprise.security.auth.realm.Realm doInstantiate
INFORMACIÓN: Realm [certificate] of classtype [com.sun.enterprise.security.auth.realm.certificate.CertificateRealm] successfully created.
sep 29, 2017 10:59:20 PM com.sun.enterprise.security.SecurityLifecycle onInitialization
INFORMACIÓN: Security Service(s) started successfully.
sep 29, 2017 10:59:21 PM com.sun.enterprise.web.WebContainer createHttpListener
INFORMACIÓN: Created HTTP listener http-listener on host/port 0.0.0.0:8080
sep 29, 2017 10:59:21 PM com.sun.enterprise.web.VirtualServer addProbes
GRAVE: Error adding HttpProbes. NetworkListener https-listeners GrizzlyProxy is NULL
sep 29, 2017 10:59:21 PM com.sun.enterprise.web.WebContainer createHosts
INFORMACIÓN: Created virtual server server
sep 29, 2017 10:59:21 PM org.apache.catalina.realm.JAASRealm setContainer
INFORMACIÓN: Setting JAAS app name glassfish-web
sep 29, 2017 10:59:21 PM com.sun.enterprise.web.WebContainer loadSystemDefaultWebModules
INFORMACIÓN: Virtual server server loaded default web module 
sep 29, 2017 10:59:24 PM org.eclipse.persistence.session./file:/C:/Users/NEEF9C~1.ORT/AppData/Local/Temp/gfembed2079555223087571404tmp/applications/test/WEB-INF/lib/9acfa46f-f1c2-492e-a989-597dad5f1656.jar_traduccionesPU
INFORMACIÓN: EclipseLink, version: Eclipse Persistence Services - 2.6.2.v20151217-774c696
sep 29, 2017 10:59:27 PM org.eclipse.persistence.session./file:/C:/Users/NEEF9C~1.ORT/AppData/Local/Temp/gfembed2079555223087571404tmp/applications/test/WEB-INF/lib/9acfa46f-f1c2-492e-a989-597dad5f1656.jar_traduccionesPU.connection
INFORMACIÓN: /file:/C:/Users/NEEF9C~1.ORT/AppData/Local/Temp/gfembed2079555223087571404tmp/applications/test/WEB-INF/lib/9acfa46f-f1c2-492e-a989-597dad5f1656.jar_traduccionesPU login successful
sep 29, 2017 10:59:27 PM org.glassfish.persistence.common.Java2DBProcessorHelper executeDDLs
ADVERTENCIA: PER01000: Got SQLException executing statement &quot;ALTER TABLE SOLICITUDENTITY_PROPUESTAENTITY ADD CONSTRAINT SLCTDNTTSlctdnttyD FOREIGN KEY (SolicitudEntity_ID) REFERENCES SOLICITUDENTITY (ID)&quot;: java.sql.SQLException: Constraint &apos;SLCTDNTTSLCTDNTTYD&apos; ya existe en Schema &apos;APP&apos;.
sep 29, 2017 10:59:28 PM com.sun.ejb.containers.BaseContainer initializeHome
INFORMACIÓN: Portable JNDI names for EJB DefaultPersistence: [java:global/test/DefaultPersistence, java:global/test/DefaultPersistence!co.edu.uniandes.csw.traducciones.persistence.DefaultPersistence]
sep 29, 2017 10:59:28 PM com.sun.ejb.containers.BaseContainer initializeHome
INFORMACIÓN: Portable JNDI names for EJB AreaDeConocimientoPersistence: [java:global/test/AreaDeConocimientoPersistence, java:global/test/AreaDeConocimientoPersistence!co.edu.uniandes.csw.traducciones.persistence.AreaDeConocimientoPersistence]
sep 29, 2017 10:59:28 PM com.sun.ejb.containers.BaseContainer initializeHome
INFORMACIÓN: Portable JNDI names for EJB CalificacionPersistence: [java:global/test/CalificacionPersistence!co.edu.uniandes.csw.traducciones.persistence.CalificacionPersistence, java:global/test/CalificacionPersistence]
sep 29, 2017 10:59:28 PM com.sun.ejb.containers.BaseContainer initializeHome
INFORMACIÓN: Portable JNDI names for EJB TarjetaDeCreditoPersistence: [java:global/test/TarjetaDeCreditoPersistence, java:global/test/TarjetaDeCreditoPersistence!co.edu.uniandes.csw.traducciones.persistence.TarjetaDeCreditoPersistence]
sep 29, 2017 10:59:28 PM com.sun.ejb.containers.BaseContainer initializeHome
INFORMACIÓN: Portable JNDI names for EJB OfertaPersistence: [java:global/test/OfertaPersistence!co.edu.uniandes.csw.traducciones.persistence.OfertaPersistence, java:global/test/OfertaPersistence]
sep 29, 2017 10:59:28 PM com.sun.ejb.containers.BaseContainer initializeHome
INFORMACIÓN: Portable JNDI names for EJB PropuestaPersistence: [java:global/test/PropuestaPersistence, java:global/test/PropuestaPersistence!co.edu.uniandes.csw.traducciones.persistence.PropuestaPersistence]
sep 29, 2017 10:59:28 PM com.sun.ejb.containers.BaseContainer initializeHome
INFORMACIÓN: Portable JNDI names for EJB HojaDeVidaPersistence: [java:global/test/HojaDeVidaPersistence, java:global/test/HojaDeVidaPersistence!co.edu.uniandes.csw.traducciones.persistence.HojaDeVidaPersistence]
sep 29, 2017 10:59:28 PM com.sun.ejb.containers.BaseContainer initializeHome
INFORMACIÓN: Portable JNDI names for EJB SolicitudPersistence: [java:global/test/SolicitudPersistence, java:global/test/SolicitudPersistence!co.edu.uniandes.csw.traducciones.persistence.SolicitudPersistence]
sep 29, 2017 10:59:28 PM com.sun.ejb.containers.BaseContainer initializeHome
INFORMACIÓN: Portable JNDI names for EJB PagoPersistence: [java:global/test/PagoPersistence!co.edu.uniandes.csw.traducciones.persistence.PagoPersistence, java:global/test/PagoPersistence]
sep 29, 2017 10:59:28 PM com.sun.ejb.containers.BaseContainer initializeHome
INFORMACIÓN: Portable JNDI names for EJB IdiomaPersistence: [java:global/test/IdiomaPersistence, java:global/test/IdiomaPersistence!co.edu.uniandes.csw.traducciones.persistence.IdiomaPersistence]
sep 29, 2017 10:59:28 PM com.sun.ejb.containers.BaseContainer initializeHome
INFORMACIÓN: Portable JNDI names for EJB EmpleadoPersistence: [java:global/test/EmpleadoPersistence, java:global/test/EmpleadoPersistence!co.edu.uniandes.csw.traducciones.persistence.EmpleadoPersistence]
sep 29, 2017 10:59:28 PM com.sun.ejb.containers.BaseContainer initializeHome
INFORMACIÓN: Portable JNDI names for EJB TrayectoriaPersistence: [java:global/test/TrayectoriaPersistence!co.edu.uniandes.csw.traducciones.persistence.TrayectoriaPersistence, java:global/test/TrayectoriaPersistence]
sep 29, 2017 10:59:28 PM com.sun.ejb.containers.BaseContainer initializeHome
INFORMACIÓN: Portable JNDI names for EJB ClientePersistence: [java:global/test/ClientePersistence!co.edu.uniandes.csw.traducciones.persistence.ClientePersistence, java:global/test/ClientePersistence]
sep 29, 2017 10:59:28 PM org.jboss.weld.bootstrap.WeldStartup &lt;clinit&gt;
INFO: WELD-000900: SNAPSHOT
sep 29, 2017 10:59:29 PM org.jboss.weld.event.ExtensionObserverMethodImpl checkRequiredTypeAnnotations
WARN: WELD-000411: Observer method [BackedAnnotatedMethod] private org.glassfish.jersey.gf.cdi.internal.CdiComponentProvider.processAnnotatedType(@Observes ProcessAnnotatedType&lt;Object&gt;) receives events for all annotated types. Consider restricting events using @WithAnnotations or a generic type with bounds.
sep 29, 2017 10:59:29 PM org.jboss.weld.event.ExtensionObserverMethodImpl checkRequiredTypeAnnotations
WARN: WELD-000411: Observer method [BackedAnnotatedMethod] public org.glassfish.jms.injection.JMSCDIExtension.processAnnotatedType(@Observes ProcessAnnotatedType&lt;Object&gt;) receives events for all annotated types. Consider restricting events using @WithAnnotations or a generic type with bounds.
sep 29, 2017 10:59:29 PM org.jboss.weld.event.ExtensionObserverMethodImpl checkRequiredTypeAnnotations
WARN: WELD-000411: Observer method [BackedAnnotatedMethod] org.glassfish.sse.impl.ServerSentEventCdiExtension.processAnnotatedType(@Observes ProcessAnnotatedType&lt;Object&gt;, BeanManager) receives events for all annotated types. Consider restricting events using @WithAnnotations or a generic type with bounds.
sep 29, 2017 10:59:29 PM org.jboss.weld.event.ExtensionObserverMethodImpl checkRequiredTypeAnnotations
WARN: WELD-000411: Observer method [BackedAnnotatedMethod] public org.glassfish.jms.injection.JMSCDIExtension.processAnnotatedType(@Observes ProcessAnnotatedType&lt;Object&gt;) receives events for all annotated types. Consider restricting events using @WithAnnotations or a generic type with bounds.
sep 29, 2017 10:59:29 PM org.jboss.weld.event.ExtensionObserverMethodImpl checkRequiredTypeAnnotations
WARN: WELD-000411: Observer method [BackedAnnotatedMethod] org.glassfish.sse.impl.ServerSentEventCdiExtension.processAnnotatedType(@Observes ProcessAnnotatedType&lt;Object&gt;, BeanManager) receives events for all annotated types. Consider restricting events using @WithAnnotations or a generic type with bounds.
sep 29, 2017 10:59:29 PM org.jboss.weld.event.ExtensionObserverMethodImpl checkRequiredTypeAnnotations
WARN: WELD-000411: Observer method [BackedAnnotatedMethod] private org.glassfish.jersey.gf.cdi.internal.CdiComponentProvider.processAnnotatedType(@Observes ProcessAnnotatedType&lt;Object&gt;) receives events for all annotated types. Consider restricting events using @WithAnnotations or a generic type with bounds.
sep 29, 2017 10:59:30 PM com.sun.enterprise.web.WebApplication start
INFORMACIÓN: Loading application [test] at [/test]
SLF4J: Failed to load class &quot;org.slf4j.impl.StaticLoggerBinder&quot;.
SLF4J: Defaulting to no-operation (NOP) logger implementation
SLF4J: See http://www.slf4j.org/codes.html#StaticLoggerBinder for further details.
sep 29, 2017 10:59:32 PM org.springframework.context.support.ClassPathXmlApplicationContext prepareRefresh
INFORMACIÓN: Refreshing org.springframework.context.support.ClassPathXmlApplicationContext@7bf27fc8: startup date [Fri Sep 29 22:59:32 COT 2017]; root of context hierarchy
sep 29, 2017 10:59:32 PM org.springframework.beans.factory.xml.XmlBeanDefinitionReader loadBeanDefinitions
INFORMACIÓN: Loading XML bean definitions from class path resource [META-INF/spring/podam-config.xml]
sep 29, 2017 10:59:33 PM org.springframework.beans.factory.xml.XmlBeanDefinitionReader loadBeanDefinitions
INFORMACIÓN: Loading XML bean definitions from class path resource [META-INF/spring/podam-integration-config.xml]
sep 29, 2017 10:59:33 PM org.springframework.beans.factory.config.PropertiesFactoryBean loadProperties
INFORMACIÓN: Loading properties file from URL [jar:file:/C:/Users/ne.ortega/.m2/repository/org/springframework/integration/spring-integration-core/4.1.3.RELEASE/spring-integration-core-4.1.3.RELEASE.jar!/META-INF/spring.integration.default.properties]
sep 29, 2017 10:59:33 PM org.springframework.integration.config.IntegrationRegistrar registerHeaderChannelRegistry
INFORMACIÓN: No bean named &apos;integrationHeaderChannelRegistry&apos; has been explicitly defined. Therefore, a default DefaultHeaderChannelRegistry will be created.
sep 29, 2017 10:59:33 PM org.springframework.integration.config.DefaultConfiguringBeanFactoryPostProcessor registerErrorChannel
INFORMACIÓN: No bean named &apos;errorChannel&apos; has been explicitly defined. Therefore, a default PublishSubscribeChannel will be created.
sep 29, 2017 10:59:33 PM org.springframework.integration.config.DefaultConfiguringBeanFactoryPostProcessor registerTaskScheduler
INFORMACIÓN: No bean named &apos;taskScheduler&apos; has been explicitly defined. Therefore, a default ThreadPoolTaskScheduler will be created.
sep 29, 2017 10:59:34 PM org.springframework.beans.factory.config.PropertiesFactoryBean loadProperties
INFORMACIÓN: Loading properties file from URL [jar:file:/C:/Users/ne.ortega/.m2/repository/org/springframework/integration/spring-integration-core/4.1.3.RELEASE/spring-integration-core-4.1.3.RELEASE.jar!/META-INF/spring.integration.default.properties]
sep 29, 2017 10:59:34 PM org.springframework.scheduling.concurrent.ThreadPoolTaskScheduler initialize
INFORMACIÓN: Initializing ExecutorService  &apos;taskScheduler&apos;
sep 29, 2017 10:59:34 PM org.springframework.context.support.DefaultLifecycleProcessor start
INFORMACIÓN: Starting beans in phase -2147483648
sep 29, 2017 10:59:34 PM org.springframework.context.support.DefaultLifecycleProcessor start
INFORMACIÓN: Starting beans in phase 0
sep 29, 2017 10:59:34 PM org.springframework.integration.endpoint.EventDrivenConsumer logComponentSubscriptionEvent
INFORMACIÓN: Adding {router} as a subscriber to the &apos;podamInputChannel&apos; channel
sep 29, 2017 10:59:34 PM org.springframework.integration.channel.DirectChannel adjustCounterIfNecessary
INFORMACIÓN: Channel &apos;org.springframework.context.support.ClassPathXmlApplicationContext@7bf27fc8.podamInputChannel&apos; has 1 subscriber(s).
sep 29, 2017 10:59:34 PM org.springframework.integration.endpoint.EventDrivenConsumer start
INFORMACIÓN: started org.springframework.integration.config.ConsumerEndpointFactoryBean#0
sep 29, 2017 10:59:34 PM org.springframework.integration.endpoint.EventDrivenConsumer logComponentSubscriptionEvent
INFORMACIÓN: Adding {service-activator} as a subscriber to the &apos;booleanChannel&apos; channel
sep 29, 2017 10:59:34 PM org.springframework.integration.channel.DirectChannel adjustCounterIfNecessary
INFORMACIÓN: Channel &apos;org.springframework.context.support.ClassPathXmlApplicationContext@7bf27fc8.booleanChannel&apos; has 1 subscriber(s).
sep 29, 2017 10:59:34 PM org.springframework.integration.endpoint.EventDrivenConsumer start
INFORMACIÓN: started org.springframework.integration.config.ConsumerEndpointFactoryBean#1
sep 29, 2017 10:59:34 PM org.springframework.integration.endpoint.EventDrivenConsumer logComponentSubscriptionEvent
INFORMACIÓN: Adding {service-activator} as a subscriber to the &apos;byteChannel&apos; channel
sep 29, 2017 10:59:34 PM org.springframework.integration.channel.DirectChannel adjustCounterIfNecessary
INFORMACIÓN: Channel &apos;org.springframework.context.support.ClassPathXmlApplicationContext@7bf27fc8.byteChannel&apos; has 1 subscriber(s).
sep 29, 2017 10:59:34 PM org.springframework.integration.endpoint.EventDrivenConsumer start
INFORMACIÓN: started org.springframework.integration.config.ConsumerEndpointFactoryBean#2
sep 29, 2017 10:59:34 PM org.springframework.integration.endpoint.EventDrivenConsumer logComponentSubscriptionEvent
INFORMACIÓN: Adding {service-activator} as a subscriber to the &apos;charChannel&apos; channel
sep 29, 2017 10:59:34 PM org.springframework.integration.channel.DirectChannel adjustCounterIfNecessary
INFORMACIÓN: Channel &apos;org.springframework.context.support.ClassPathXmlApplicationContext@7bf27fc8.charChannel&apos; has 1 subscriber(s).
sep 29, 2017 10:59:34 PM org.springframework.integration.endpoint.EventDrivenConsumer start
INFORMACIÓN: started org.springframework.integration.config.ConsumerEndpointFactoryBean#3
sep 29, 2017 10:59:34 PM org.springframework.integration.endpoint.EventDrivenConsumer logComponentSubscriptionEvent
INFORMACIÓN: Adding {service-activator} as a subscriber to the &apos;shortChannel&apos; channel
sep 29, 2017 10:59:34 PM org.springframework.integration.channel.DirectChannel adjustCounterIfNecessary
INFORMACIÓN: Channel &apos;org.springframework.context.support.ClassPathXmlApplicationContext@7bf27fc8.shortChannel&apos; has 1 subscriber(s).
sep 29, 2017 10:59:34 PM org.springframework.integration.endpoint.EventDrivenConsumer start
INFORMACIÓN: started org.springframework.integration.config.ConsumerEndpointFactoryBean#4
sep 29, 2017 10:59:34 PM org.springframework.integration.endpoint.EventDrivenConsumer logComponentSubscriptionEvent
INFORMACIÓN: Adding {service-activator} as a subscriber to the &apos;intChannel&apos; channel
sep 29, 2017 10:59:34 PM org.springframework.integration.channel.DirectChannel adjustCounterIfNecessary
INFORMACIÓN: Channel &apos;org.springframework.context.support.ClassPathXmlApplicationContext@7bf27fc8.intChannel&apos; has 1 subscriber(s).
sep 29, 2017 10:59:34 PM org.springframework.integration.endpoint.EventDrivenConsumer start
INFORMACIÓN: started org.springframework.integration.config.ConsumerEndpointFactoryBean#5
sep 29, 2017 10:59:34 PM org.springframework.integration.endpoint.EventDrivenConsumer logComponentSubscriptionEvent
INFORMACIÓN: Adding {service-activator} as a subscriber to the &apos;longChannel&apos; channel
sep 29, 2017 10:59:34 PM org.springframework.integration.channel.DirectChannel adjustCounterIfNecessary
INFORMACIÓN: Channel &apos;org.springframework.context.support.ClassPathXmlApplicationContext@7bf27fc8.longChannel&apos; has 1 subscriber(s).
sep 29, 2017 10:59:34 PM org.springframework.integration.endpoint.EventDrivenConsumer start
INFORMACIÓN: started org.springframework.integration.config.ConsumerEndpointFactoryBean#6
sep 29, 2017 10:59:34 PM org.springframework.integration.endpoint.EventDrivenConsumer logComponentSubscriptionEvent
INFORMACIÓN: Adding {service-activator} as a subscriber to the &apos;floatChannel&apos; channel
sep 29, 2017 10:59:34 PM org.springframework.integration.channel.DirectChannel adjustCounterIfNecessary
INFORMACIÓN: Channel &apos;org.springframework.context.support.ClassPathXmlApplicationContext@7bf27fc8.floatChannel&apos; has 1 subscriber(s).
sep 29, 2017 10:59:34 PM org.springframework.integration.endpoint.EventDrivenConsumer start
INFORMACIÓN: started org.springframework.integration.config.ConsumerEndpointFactoryBean#7
sep 29, 2017 10:59:34 PM org.springframework.integration.endpoint.EventDrivenConsumer logComponentSubscriptionEvent
INFORMACIÓN: Adding {service-activator} as a subscriber to the &apos;doubleChannel&apos; channel
sep 29, 2017 10:59:34 PM org.springframework.integration.channel.DirectChannel adjustCounterIfNecessary
INFORMACIÓN: Channel &apos;org.springframework.context.support.ClassPathXmlApplicationContext@7bf27fc8.doubleChannel&apos; has 1 subscriber(s).
sep 29, 2017 10:59:34 PM org.springframework.integration.endpoint.EventDrivenConsumer start
INFORMACIÓN: started org.springframework.integration.config.ConsumerEndpointFactoryBean#8
sep 29, 2017 10:59:34 PM org.springframework.integration.endpoint.EventDrivenConsumer logComponentSubscriptionEvent
INFORMACIÓN: Adding {service-activator} as a subscriber to the &apos;stringChannel&apos; channel
sep 29, 2017 10:59:34 PM org.springframework.integration.channel.DirectChannel adjustCounterIfNecessary
INFORMACIÓN: Channel &apos;org.springframework.context.support.ClassPathXmlApplicationContext@7bf27fc8.stringChannel&apos; has 1 subscriber(s).
sep 29, 2017 10:59:34 PM org.springframework.integration.endpoint.EventDrivenConsumer start
INFORMACIÓN: started org.springframework.integration.config.ConsumerEndpointFactoryBean#9
sep 29, 2017 10:59:34 PM org.springframework.integration.endpoint.EventDrivenConsumer logComponentSubscriptionEvent
INFORMACIÓN: Adding {service-activator} as a subscriber to the &apos;enumChannel&apos; channel
sep 29, 2017 10:59:34 PM org.springframework.integration.channel.DirectChannel adjustCounterIfNecessary
INFORMACIÓN: Channel &apos;org.springframework.context.support.ClassPathXmlApplicationContext@7bf27fc8.enumChannel&apos; has 1 subscriber(s).
sep 29, 2017 10:59:34 PM org.springframework.integration.endpoint.EventDrivenConsumer start
INFORMACIÓN: started org.springframework.integration.config.ConsumerEndpointFactoryBean#10
sep 29, 2017 10:59:34 PM org.springframework.integration.endpoint.EventDrivenConsumer logComponentSubscriptionEvent
INFORMACIÓN: Adding {service-activator} as a subscriber to the &apos;genericTypeChannel&apos; channel
sep 29, 2017 10:59:34 PM org.springframework.integration.channel.DirectChannel adjustCounterIfNecessary
INFORMACIÓN: Channel &apos;org.springframework.context.support.ClassPathXmlApplicationContext@7bf27fc8.genericTypeChannel&apos; has 1 subscriber(s).
sep 29, 2017 10:59:34 PM org.springframework.integration.endpoint.EventDrivenConsumer start
INFORMACIÓN: started org.springframework.integration.config.ConsumerEndpointFactoryBean#11
sep 29, 2017 10:59:34 PM org.springframework.integration.endpoint.EventDrivenConsumer logComponentSubscriptionEvent
INFORMACIÓN: Adding {logging-channel-adapter:_org.springframework.integration.errorLogger} as a subscriber to the &apos;errorChannel&apos; channel
sep 29, 2017 10:59:34 PM org.springframework.integration.channel.PublishSubscribeChannel adjustCounterIfNecessary
INFORMACIÓN: Channel &apos;org.springframework.context.support.ClassPathXmlApplicationContext@7bf27fc8.errorChannel&apos; has 1 subscriber(s).
sep 29, 2017 10:59:34 PM org.springframework.integration.endpoint.EventDrivenConsumer start
INFORMACIÓN: started _org.springframework.integration.errorLogger
sep 29, 2017 10:59:34 PM org.eclipse.persistence.session./file:/C:/Users/NEEF9C~1.ORT/AppData/Local/Temp/gfembed2079555223087571404tmp/applications/test/WEB-INF/lib/9acfa46f-f1c2-492e-a989-597dad5f1656.jar_traduccionesPU
ADVERTENCIA: 
java.lang.IllegalStateException: During synchronization a new object was found through a relationship that was not marked cascade PERSIST: co.edu.uniandes.csw.traducciones.entities.IdiomaEntity@aabe14ee.
	at org.eclipse.persistence.internal.sessions.RepeatableWriteUnitOfWork.discoverUnregisteredNewObjects(RepeatableWriteUnitOfWork.java:313)
	at org.eclipse.persistence.internal.sessions.UnitOfWorkImpl.calculateChanges(UnitOfWorkImpl.java:723)
	at org.eclipse.persistence.internal.sessions.UnitOfWorkImpl.commitToDatabaseWithChangeSet(UnitOfWorkImpl.java:1516)
	at org.eclipse.persistence.internal.sessions.UnitOfWorkImpl.issueSQLbeforeCompletion(UnitOfWorkImpl.java:3168)
	at org.eclipse.persistence.internal.sessions.RepeatableWriteUnitOfWork.issueSQLbeforeCompletion(RepeatableWriteUnitOfWork.java:355)
	at org.eclipse.persistence.transaction.AbstractSynchronizationListener.beforeCompletion(AbstractSynchronizationListener.java:158)
	at org.eclipse.persistence.transaction.JTASynchronizationListener.beforeCompletion(JTASynchronizationListener.java:68)
	at com.sun.enterprise.transaction.JavaEETransactionImpl.commit(JavaEETransactionImpl.java:452)
	at com.sun.enterprise.transaction.JavaEETransactionManagerSimplified.commit(JavaEETransactionManagerSimplified.java:854)
	at com.sun.enterprise.transaction.UserTransactionImpl.commit(UserTransactionImpl.java:212)
	at sun.reflect.NativeMethodAccessorImpl.invoke0(Native Method)
	at sun.reflect.NativeMethodAccessorImpl.invoke(NativeMethodAccessorImpl.java:62)
	at sun.reflect.DelegatingMethodAccessorImpl.invoke(DelegatingMethodAccessorImpl.java:43)
	at java.lang.reflect.Method.invoke(Method.java:498)
	at org.jboss.weld.util.reflection.Reflections.invokeAndUnwrap(Reflections.java:414)
	at org.jboss.weld.bean.builtin.CallableMethodHandler.invoke(CallableMethodHandler.java:42)
	at org.jboss.weld.bean.proxy.EnterpriseTargetBeanInstance.invoke(EnterpriseTargetBeanInstance.java:56)
	at org.jboss.weld.bean.proxy.ProxyMethodHandler.invoke(ProxyMethodHandler.java:100)
	at org.jboss.weldx.transaction.UserTransaction$980226062$Proxy$_$$_Weld$Proxy$.commit(Unknown Source)
	at co.edu.uniandes.csw.traducciones.persistence.SolicitudPersistenceTest.setUp(SolicitudPersistenceTest.java:68)
	at sun.reflect.NativeMethodAccessorImpl.invoke0(Native Method)
	at sun.reflect.NativeMethodAccessorImpl.invoke(NativeMethodAccessorImpl.java:62)
	at sun.reflect.DelegatingMethodAccessorImpl.invoke(DelegatingMethodAccessorImpl.java:43)
	at java.lang.reflect.Method.invoke(Method.java:498)
	at org.junit.runners.model.FrameworkMethod$1.runReflectiveCall(FrameworkMethod.java:50)
	at org.junit.internal.runners.model.ReflectiveCallable.run(ReflectiveCallable.java:12)
	at org.junit.runners.model.FrameworkMethod.invokeExplosively(FrameworkMethod.java:47)
	at org.junit.internal.runners.statements.RunBefores.evaluate(RunBefores.java:24)
	at org.jboss.arquillian.junit.Arquillian$StatementLifecycleExecutor.invoke(Arquillian.java:463)
	at org.jboss.arquillian.container.test.impl.execution.BeforeLifecycleEventExecuter.on(BeforeLifecycleEventExecuter.java:35)
	at sun.reflect.NativeMethodAccessorImpl.invoke0(Native Method)
	at sun.reflect.NativeMethodAccessorImpl.invoke(NativeMethodAccessorImpl.java:62)
	at sun.reflect.DelegatingMethodAccessorImpl.invoke(DelegatingMethodAccessorImpl.java:43)
	at java.lang.reflect.Method.invoke(Method.java:498)
	at org.jboss.arquillian.core.impl.ObserverImpl.invoke(ObserverImpl.java:94)
	at org.jboss.arquillian.core.impl.EventContextImpl.invokeObservers(EventContextImpl.java:99)
	at org.jboss.arquillian.core.impl.EventContextImpl.proceed(EventContextImpl.java:81)
	at org.jboss.arquillian.test.impl.TestContextHandler.createTestContext(TestContextHandler.java:130)
	at sun.reflect.NativeMethodAccessorImpl.invoke0(Native Method)
	at sun.reflect.NativeMethodAccessorImpl.invoke(NativeMethodAccessorImpl.java:62)
	at sun.reflect.DelegatingMethodAccessorImpl.invoke(DelegatingMethodAccessorImpl.java:43)
	at java.lang.reflect.Method.invoke(Method.java:498)
	at org.jboss.arquillian.core.impl.ObserverImpl.invoke(ObserverImpl.java:94)
	at org.jboss.arquillian.core.impl.EventContextImpl.proceed(EventContextImpl.java:88)
	at org.jboss.arquillian.test.impl.TestContextHandler.createClassContext(TestContextHandler.java:92)
	at sun.reflect.NativeMethodAccessorImpl.invoke0(Native Method)
	at sun.reflect.NativeMethodAccessorImpl.invoke(NativeMethodAccessorImpl.java:62)
	at sun.reflect.DelegatingMethodAccessorImpl.invoke(DelegatingMethodAccessorImpl.java:43)
	at java.lang.reflect.Method.invoke(Method.java:498)
	at org.jboss.arquillian.core.impl.ObserverImpl.invoke(ObserverImpl.java:94)
	at org.jboss.arquillian.core.impl.EventContextImpl.proceed(EventContextImpl.java:88)
	at org.jboss.arquillian.test.impl.TestContextHandler.createSuiteContext(TestContextHandler.java:73)
	at sun.reflect.NativeMethodAccessorImpl.invoke0(Native Method)
	at sun.reflect.NativeMethodAccessorImpl.invoke(NativeMethodAccessorImpl.java:62)
	at sun.reflect.DelegatingMethodAccessorImpl.invoke(DelegatingMethodAccessorImpl.java:43)
	at java.lang.reflect.Method.invoke(Method.java:498)
	at org.jboss.arquillian.core.impl.ObserverImpl.invoke(ObserverImpl.java:94)
	at org.jboss.arquillian.core.impl.EventContextImpl.proceed(EventContextImpl.java:88)
	at org.jboss.arquillian.core.impl.ManagerImpl.fire(ManagerImpl.java:145)
	at org.jboss.arquillian.core.impl.ManagerImpl.fire(ManagerImpl.java:116)
	at org.jboss.arquillian.test.impl.EventTestRunnerAdaptor.before(EventTestRunnerAdaptor.java:108)
	at org.jboss.arquillian.junit.Arquillian$4.evaluate(Arquillian.java:241)
	at org.jboss.arquillian.junit.Arquillian.multiExecute(Arquillian.java:426)
	at org.jboss.arquillian.junit.Arquillian.access$200(Arquillian.java:54)
	at org.jboss.arquillian.junit.Arquillian$5.evaluate(Arquillian.java:259)
	at org.jboss.arquillian.junit.Arquillian$7$1.invoke(Arquillian.java:319)
	at org.jboss.arquillian.container.test.impl.execution.BeforeLifecycleEventExecuter.on(BeforeLifecycleEventExecuter.java:35)
	at sun.reflect.NativeMethodAccessorImpl.invoke0(Native Method)
	at sun.reflect.NativeMethodAccessorImpl.invoke(NativeMethodAccessorImpl.java:62)
	at sun.reflect.DelegatingMethodAccessorImpl.invoke(DelegatingMethodAccessorImpl.java:43)
	at java.lang.reflect.Method.invoke(Method.java:498)
	at org.jboss.arquillian.core.impl.ObserverImpl.invoke(ObserverImpl.java:94)
	at org.jboss.arquillian.core.impl.EventContextImpl.invokeObservers(EventContextImpl.java:99)
	at org.jboss.arquillian.core.impl.EventContextImpl.proceed(EventContextImpl.java:81)
	at org.jboss.arquillian.test.impl.TestContextHandler.createTestContext(TestContextHandler.java:130)
	at sun.reflect.NativeMethodAccessorImpl.invoke0(Native Method)
	at sun.reflect.NativeMethodAccessorImpl.invoke(NativeMethodAccessorImpl.java:62)
	at sun.reflect.DelegatingMethodAccessorImpl.invoke(DelegatingMethodAccessorImpl.java:43)
	at java.lang.reflect.Method.invoke(Method.java:498)
	at org.jboss.arquillian.core.impl.ObserverImpl.invoke(ObserverImpl.java:94)
	at org.jboss.arquillian.core.impl.EventContextImpl.proceed(EventContextImpl.java:88)
	at org.jboss.arquillian.test.impl.TestContextHandler.createClassContext(TestContextHandler.java:92)
	at sun.reflect.NativeMethodAccessorImpl.invoke0(Native Method)
	at sun.reflect.NativeMethodAccessorImpl.invoke(NativeMethodAccessorImpl.java:62)
	at sun.reflect.DelegatingMethodAccessorImpl.invoke(DelegatingMethodAccessorImpl.java:43)
	at java.lang.reflect.Method.invoke(Method.java:498)
	at org.jboss.arquillian.core.impl.ObserverImpl.invoke(ObserverImpl.java:94)
	at org.jboss.arquillian.core.impl.EventContextImpl.proceed(EventContextImpl.java:88)
	at org.jboss.arquillian.test.impl.TestContextHandler.createSuiteContext(TestContextHandler.java:73)
	at sun.reflect.NativeMethodAccessorImpl.invoke0(Native Method)
	at sun.reflect.NativeMethodAccessorImpl.invoke(NativeMethodAccessorImpl.java:62)
	at sun.reflect.DelegatingMethodAccessorImpl.invoke(DelegatingMethodAccessorImpl.java:43)
	at java.lang.reflect.Method.invoke(Method.java:498)
	at org.jboss.arquillian.core.impl.ObserverImpl.invoke(ObserverImpl.java:94)
	at org.jboss.arquillian.core.impl.EventContextImpl.proceed(EventContextImpl.java:88)
	at org.jboss.arquillian.core.impl.ManagerImpl.fire(ManagerImpl.java:145)
	at org.jboss.arquillian.core.impl.ManagerImpl.fire(ManagerImpl.java:116)
	at org.jboss.arquillian.test.impl.EventTestRunnerAdaptor.fireCustomLifecycle(EventTestRunnerAdaptor.java:159)
	at org.jboss.arquillian.junit.Arquillian$7.evaluate(Arquillian.java:312)
	at org.junit.runners.ParentRunner.runLeaf(ParentRunner.java:325)
	at org.junit.runners.BlockJUnit4ClassRunner.runChild(BlockJUnit4ClassRunner.java:78)
	at org.junit.runners.BlockJUnit4ClassRunner.runChild(BlockJUnit4ClassRunner.java:57)
	at org.junit.runners.ParentRunner$3.run(ParentRunner.java:290)
	at org.junit.runners.ParentRunner$1.schedule(ParentRunner.java:71)
	at org.junit.runners.ParentRunner.runChildren(ParentRunner.java:288)
	at org.junit.runners.ParentRunner.access$000(ParentRunner.java:58)
	at org.junit.runners.ParentRunner$2.evaluate(ParentRunner.java:268)
	at org.jboss.arquillian.junit.Arquillian$2.evaluate(Arquillian.java:204)
	at org.jboss.arquillian.junit.Arquillian.multiExecute(Arquillian.java:426)
	at org.jboss.arquillian.junit.Arquillian.access$200(Arquillian.java:54)
	at org.jboss.arquillian.junit.Arquillian$3.evaluate(Arquillian.java:218)
	at org.junit.runners.ParentRunner.run(ParentRunner.java:363)
	at org.jboss.arquillian.junit.Arquillian.run(Arquillian.java:166)
	at org.junit.runner.JUnitCore.run(JUnitCore.java:137)
	at org.junit.runner.JUnitCore.run(JUnitCore.java:115)
	at org.jboss.arquillian.junit.container.JUnitTestRunner.execute(JUnitTestRunner.java:66)
	at org.jboss.arquillian.protocol.servlet.runner.ServletTestRunner.executeTest(ServletTestRunner.java:170)
	at org.jboss.arquillian.protocol.servlet.runner.ServletTestRunner.execute(ServletTestRunner.java:135)
	at org.jboss.arquillian.protocol.servlet.runner.ServletTestRunner.doGet(ServletTestRunner.java:98)
	at javax.servlet.http.HttpServlet.service(HttpServlet.java:687)
	at javax.servlet.http.HttpServlet.service(HttpServlet.java:790)
	at org.apache.catalina.core.StandardWrapper.service(StandardWrapper.java:1682)
	at org.apache.catalina.core.StandardWrapperValve.invoke(StandardWrapperValve.java:318)
	at org.apache.catalina.core.StandardContextValve.invoke(StandardContextValve.java:160)
	at org.apache.catalina.core.StandardPipeline.doInvoke(StandardPipeline.java:734)
	at org.apache.catalina.core.StandardPipeline.invoke(StandardPipeline.java:673)
	at com.sun.enterprise.web.WebPipeline.invoke(WebPipeline.java:99)
	at org.apache.catalina.core.StandardHostValve.invoke(StandardHostValve.java:174)
	at org.apache.catalina.connector.CoyoteAdapter.doService(CoyoteAdapter.java:415)
	at org.apache.catalina.connector.CoyoteAdapter.service(CoyoteAdapter.java:282)
	at com.sun.enterprise.v3.services.impl.ContainerMapper$HttpHandlerCallable.call(ContainerMapper.java:459)
	at com.sun.enterprise.v3.services.impl.ContainerMapper.service(ContainerMapper.java:167)
	at org.glassfish.grizzly.http.server.HttpHandler.runService(HttpHandler.java:201)
	at org.glassfish.grizzly.http.server.HttpHandler.doHandle(HttpHandler.java:175)
	at org.glassfish.grizzly.http.server.HttpServerFilter.handleRead(HttpServerFilter.java:235)
	at org.glassfish.grizzly.filterchain.ExecutorResolver$9.execute(ExecutorResolver.java:119)
	at org.glassfish.grizzly.filterchain.DefaultFilterChain.executeFilter(DefaultFilterChain.java:284)
	at org.glassfish.grizzly.filterchain.DefaultFilterChain.executeChainPart(DefaultFilterChain.java:201)
	at org.glassfish.grizzly.filterchain.DefaultFilterChain.execute(DefaultFilterChain.java:133)
	at org.glassfish.grizzly.filterchain.DefaultFilterChain.process(DefaultFilterChain.java:112)
	at org.glassfish.grizzly.ProcessorExecutor.execute(ProcessorExecutor.java:77)
	at org.glassfish.grizzly.nio.transport.TCPNIOTransport.fireIOEvent(TCPNIOTransport.java:561)
	at org.glassfish.grizzly.strategies.AbstractIOStrategy.fireIOEvent(AbstractIOStrategy.java:112)
	at org.glassfish.grizzly.strategies.WorkerThreadIOStrategy.run0(WorkerThreadIOStrategy.java:117)
	at org.glassfish.grizzly.strategies.WorkerThreadIOStrategy.access$100(WorkerThreadIOStrategy.java:56)
	at org.glassfish.grizzly.strategies.WorkerThreadIOStrategy$WorkerThreadRunnable.run(WorkerThreadIOStrategy.java:137)
	at org.glassfish.grizzly.threadpool.AbstractThreadPool$Worker.doWork(AbstractThreadPool.java:565)
	at org.glassfish.grizzly.threadpool.AbstractThreadPool$Worker.run(AbstractThreadPool.java:545)
	at java.lang.Thread.run(Thread.java:748)

sep 29, 2017 10:59:34 PM org.eclipse.persistence.session./file:/C:/Users/NEEF9C~1.ORT/AppData/Local/Temp/gfembed2079555223087571404tmp/applications/test/WEB-INF/lib/9acfa46f-f1c2-492e-a989-597dad5f1656.jar_traduccionesPU.transaction
ADVERTENCIA: 
java.lang.IllegalStateException: During synchronization a new object was found through a relationship that was not marked cascade PERSIST: co.edu.uniandes.csw.traducciones.entities.IdiomaEntity@aabe14ee.
	at org.eclipse.persistence.internal.sessions.RepeatableWriteUnitOfWork.discoverUnregisteredNewObjects(RepeatableWriteUnitOfWork.java:313)
	at org.eclipse.persistence.internal.sessions.UnitOfWorkImpl.calculateChanges(UnitOfWorkImpl.java:723)
	at org.eclipse.persistence.internal.sessions.UnitOfWorkImpl.commitToDatabaseWithChangeSet(UnitOfWorkImpl.java:1516)
	at org.eclipse.persistence.internal.sessions.UnitOfWorkImpl.issueSQLbeforeCompletion(UnitOfWorkImpl.java:3168)
	at org.eclipse.persistence.internal.sessions.RepeatableWriteUnitOfWork.issueSQLbeforeCompletion(RepeatableWriteUnitOfWork.java:355)
	at org.eclipse.persistence.transaction.AbstractSynchronizationListener.beforeCompletion(AbstractSynchronizationListener.java:158)
	at org.eclipse.persistence.transaction.JTASynchronizationListener.beforeCompletion(JTASynchronizationListener.java:68)
	at com.sun.enterprise.transaction.JavaEETransactionImpl.commit(JavaEETransactionImpl.java:452)
	at com.sun.enterprise.transaction.JavaEETransactionManagerSimplified.commit(JavaEETransactionManagerSimplified.java:854)
	at com.sun.enterprise.transaction.UserTransactionImpl.commit(UserTransactionImpl.java:212)
	at sun.reflect.NativeMethodAccessorImpl.invoke0(Native Method)
	at sun.reflect.NativeMethodAccessorImpl.invoke(NativeMethodAccessorImpl.java:62)
	at sun.reflect.DelegatingMethodAccessorImpl.invoke(DelegatingMethodAccessorImpl.java:43)
	at java.lang.reflect.Method.invoke(Method.java:498)
	at org.jboss.weld.util.reflection.Reflections.invokeAndUnwrap(Reflections.java:414)
	at org.jboss.weld.bean.builtin.CallableMethodHandler.invoke(CallableMethodHandler.java:42)
	at org.jboss.weld.bean.proxy.EnterpriseTargetBeanInstance.invoke(EnterpriseTargetBeanInstance.java:56)
	at org.jboss.weld.bean.proxy.ProxyMethodHandler.invoke(ProxyMethodHandler.java:100)
	at org.jboss.weldx.transaction.UserTransaction$980226062$Proxy$_$$_Weld$Proxy$.commit(Unknown Source)
	at co.edu.uniandes.csw.traducciones.persistence.SolicitudPersistenceTest.setUp(SolicitudPersistenceTest.java:68)
	at sun.reflect.NativeMethodAccessorImpl.invoke0(Native Method)
	at sun.reflect.NativeMethodAccessorImpl.invoke(NativeMethodAccessorImpl.java:62)
	at sun.reflect.DelegatingMethodAccessorImpl.invoke(DelegatingMethodAccessorImpl.java:43)
	at java.lang.reflect.Method.invoke(Method.java:498)
	at org.junit.runners.model.FrameworkMethod$1.runReflectiveCall(FrameworkMethod.java:50)
	at org.junit.internal.runners.model.ReflectiveCallable.run(ReflectiveCallable.java:12)
	at org.junit.runners.model.FrameworkMethod.invokeExplosively(FrameworkMethod.java:47)
	at org.junit.internal.runners.statements.RunBefores.evaluate(RunBefores.java:24)
	at org.jboss.arquillian.junit.Arquillian$StatementLifecycleExecutor.invoke(Arquillian.java:463)
	at org.jboss.arquillian.container.test.impl.execution.BeforeLifecycleEventExecuter.on(BeforeLifecycleEventExecuter.java:35)
	at sun.reflect.NativeMethodAccessorImpl.invoke0(Native Method)
	at sun.reflect.NativeMethodAccessorImpl.invoke(NativeMethodAccessorImpl.java:62)
	at sun.reflect.DelegatingMethodAccessorImpl.invoke(DelegatingMethodAccessorImpl.java:43)
	at java.lang.reflect.Method.invoke(Method.java:498)
	at org.jboss.arquillian.core.impl.ObserverImpl.invoke(ObserverImpl.java:94)
	at org.jboss.arquillian.core.impl.EventContextImpl.invokeObservers(EventContextImpl.java:99)
	at org.jboss.arquillian.core.impl.EventContextImpl.proceed(EventContextImpl.java:81)
	at org.jboss.arquillian.test.impl.TestContextHandler.createTestContext(TestContextHandler.java:130)
	at sun.reflect.NativeMethodAccessorImpl.invoke0(Native Method)
	at sun.reflect.NativeMethodAccessorImpl.invoke(NativeMethodAccessorImpl.java:62)
	at sun.reflect.DelegatingMethodAccessorImpl.invoke(DelegatingMethodAccessorImpl.java:43)
	at java.lang.reflect.Method.invoke(Method.java:498)
	at org.jboss.arquillian.core.impl.ObserverImpl.invoke(ObserverImpl.java:94)
	at org.jboss.arquillian.core.impl.EventContextImpl.proceed(EventContextImpl.java:88)
	at org.jboss.arquillian.test.impl.TestContextHandler.createClassContext(TestContextHandler.java:92)
	at sun.reflect.NativeMethodAccessorImpl.invoke0(Native Method)
	at sun.reflect.NativeMethodAccessorImpl.invoke(NativeMethodAccessorImpl.java:62)
	at sun.reflect.DelegatingMethodAccessorImpl.invoke(DelegatingMethodAccessorImpl.java:43)
	at java.lang.reflect.Method.invoke(Method.java:498)
	at org.jboss.arquillian.core.impl.ObserverImpl.invoke(ObserverImpl.java:94)
	at org.jboss.arquillian.core.impl.EventContextImpl.proceed(EventContextImpl.java:88)
	at org.jboss.arquillian.test.impl.TestContextHandler.createSuiteContext(TestContextHandler.java:73)
	at sun.reflect.NativeMethodAccessorImpl.invoke0(Native Method)
	at sun.reflect.NativeMethodAccessorImpl.invoke(NativeMethodAccessorImpl.java:62)
	at sun.reflect.DelegatingMethodAccessorImpl.invoke(DelegatingMethodAccessorImpl.java:43)
	at java.lang.reflect.Method.invoke(Method.java:498)
	at org.jboss.arquillian.core.impl.ObserverImpl.invoke(ObserverImpl.java:94)
	at org.jboss.arquillian.core.impl.EventContextImpl.proceed(EventContextImpl.java:88)
	at org.jboss.arquillian.core.impl.ManagerImpl.fire(ManagerImpl.java:145)
	at org.jboss.arquillian.core.impl.ManagerImpl.fire(ManagerImpl.java:116)
	at org.jboss.arquillian.test.impl.EventTestRunnerAdaptor.before(EventTestRunnerAdaptor.java:108)
	at org.jboss.arquillian.junit.Arquillian$4.evaluate(Arquillian.java:241)
	at org.jboss.arquillian.junit.Arquillian.multiExecute(Arquillian.java:426)
	at org.jboss.arquillian.junit.Arquillian.access$200(Arquillian.java:54)
	at org.jboss.arquillian.junit.Arquillian$5.evaluate(Arquillian.java:259)
	at org.jboss.arquillian.junit.Arquillian$7$1.invoke(Arquillian.java:319)
	at org.jboss.arquillian.container.test.impl.execution.BeforeLifecycleEventExecuter.on(BeforeLifecycleEventExecuter.java:35)
	at sun.reflect.NativeMethodAccessorImpl.invoke0(Native Method)
	at sun.reflect.NativeMethodAccessorImpl.invoke(NativeMethodAccessorImpl.java:62)
	at sun.reflect.DelegatingMethodAccessorImpl.invoke(DelegatingMethodAccessorImpl.java:43)
	at java.lang.reflect.Method.invoke(Method.java:498)
	at org.jboss.arquillian.core.impl.ObserverImpl.invoke(ObserverImpl.java:94)
	at org.jboss.arquillian.core.impl.EventContextImpl.invokeObservers(EventContextImpl.java:99)
	at org.jboss.arquillian.core.impl.EventContextImpl.proceed(EventContextImpl.java:81)
	at org.jboss.arquillian.test.impl.TestContextHandler.createTestContext(TestContextHandler.java:130)
	at sun.reflect.NativeMethodAccessorImpl.invoke0(Native Method)
	at sun.reflect.NativeMethodAccessorImpl.invoke(NativeMethodAccessorImpl.java:62)
	at sun.reflect.DelegatingMethodAccessorImpl.invoke(DelegatingMethodAccessorImpl.java:43)
	at java.lang.reflect.Method.invoke(Method.java:498)
	at org.jboss.arquillian.core.impl.ObserverImpl.invoke(ObserverImpl.java:94)
	at org.jboss.arquillian.core.impl.EventContextImpl.proceed(EventContextImpl.java:88)
	at org.jboss.arquillian.test.impl.TestContextHandler.createClassContext(TestContextHandler.java:92)
	at sun.reflect.NativeMethodAccessorImpl.invoke0(Native Method)
	at sun.reflect.NativeMethodAccessorImpl.invoke(NativeMethodAccessorImpl.java:62)
	at sun.reflect.DelegatingMethodAccessorImpl.invoke(DelegatingMethodAccessorImpl.java:43)
	at java.lang.reflect.Method.invoke(Method.java:498)
	at org.jboss.arquillian.core.impl.ObserverImpl.invoke(ObserverImpl.java:94)
	at org.jboss.arquillian.core.impl.EventContextImpl.proceed(EventContextImpl.java:88)
	at org.jboss.arquillian.test.impl.TestContextHandler.createSuiteContext(TestContextHandler.java:73)
	at sun.reflect.NativeMethodAccessorImpl.invoke0(Native Method)
	at sun.reflect.NativeMethodAccessorImpl.invoke(NativeMethodAccessorImpl.java:62)
	at sun.reflect.DelegatingMethodAccessorImpl.invoke(DelegatingMethodAccessorImpl.java:43)
	at java.lang.reflect.Method.invoke(Method.java:498)
	at org.jboss.arquillian.core.impl.ObserverImpl.invoke(ObserverImpl.java:94)
	at org.jboss.arquillian.core.impl.EventContextImpl.proceed(EventContextImpl.java:88)
	at org.jboss.arquillian.core.impl.ManagerImpl.fire(ManagerImpl.java:145)
	at org.jboss.arquillian.core.impl.ManagerImpl.fire(ManagerImpl.java:116)
	at org.jboss.arquillian.test.impl.EventTestRunnerAdaptor.fireCustomLifecycle(EventTestRunnerAdaptor.java:159)
	at org.jboss.arquillian.junit.Arquillian$7.evaluate(Arquillian.java:312)
	at org.junit.runners.ParentRunner.runLeaf(ParentRunner.java:325)
	at org.junit.runners.BlockJUnit4ClassRunner.runChild(BlockJUnit4ClassRunner.java:78)
	at org.junit.runners.BlockJUnit4ClassRunner.runChild(BlockJUnit4ClassRunner.java:57)
	at org.junit.runners.ParentRunner$3.run(ParentRunner.java:290)
	at org.junit.runners.ParentRunner$1.schedule(ParentRunner.java:71)
	at org.junit.runners.ParentRunner.runChildren(ParentRunner.java:288)
	at org.junit.runners.ParentRunner.access$000(ParentRunner.java:58)
	at org.junit.runners.ParentRunner$2.evaluate(ParentRunner.java:268)
	at org.jboss.arquillian.junit.Arquillian$2.evaluate(Arquillian.java:204)
	at org.jboss.arquillian.junit.Arquillian.multiExecute(Arquillian.java:426)
	at org.jboss.arquillian.junit.Arquillian.access$200(Arquillian.java:54)
	at org.jboss.arquillian.junit.Arquillian$3.evaluate(Arquillian.java:218)
	at org.junit.runners.ParentRunner.run(ParentRunner.java:363)
	at org.jboss.arquillian.junit.Arquillian.run(Arquillian.java:166)
	at org.junit.runner.JUnitCore.run(JUnitCore.java:137)
	at org.junit.runner.JUnitCore.run(JUnitCore.java:115)
	at org.jboss.arquillian.junit.container.JUnitTestRunner.execute(JUnitTestRunner.java:66)
	at org.jboss.arquillian.protocol.servlet.runner.ServletTestRunner.executeTest(ServletTestRunner.java:170)
	at org.jboss.arquillian.protocol.servlet.runner.ServletTestRunner.execute(ServletTestRunner.java:135)
	at org.jboss.arquillian.protocol.servlet.runner.ServletTestRunner.doGet(ServletTestRunner.java:98)
	at javax.servlet.http.HttpServlet.service(HttpServlet.java:687)
	at javax.servlet.http.HttpServlet.service(HttpServlet.java:790)
	at org.apache.catalina.core.StandardWrapper.service(StandardWrapper.java:1682)
	at org.apache.catalina.core.StandardWrapperValve.invoke(StandardWrapperValve.java:318)
	at org.apache.catalina.core.StandardContextValve.invoke(StandardContextValve.java:160)
	at org.apache.catalina.core.StandardPipeline.doInvoke(StandardPipeline.java:734)
	at org.apache.catalina.core.StandardPipeline.invoke(StandardPipeline.java:673)
	at com.sun.enterprise.web.WebPipeline.invoke(WebPipeline.java:99)
	at org.apache.catalina.core.StandardHostValve.invoke(StandardHostValve.java:174)
	at org.apache.catalina.connector.CoyoteAdapter.doService(CoyoteAdapter.java:415)
	at org.apache.catalina.connector.CoyoteAdapter.service(CoyoteAdapter.java:282)
	at com.sun.enterprise.v3.services.impl.ContainerMapper$HttpHandlerCallable.call(ContainerMapper.java:459)
	at com.sun.enterprise.v3.services.impl.ContainerMapper.service(ContainerMapper.java:167)
	at org.glassfish.grizzly.http.server.HttpHandler.runService(HttpHandler.java:201)
	at org.glassfish.grizzly.http.server.HttpHandler.doHandle(HttpHandler.java:175)
	at org.glassfish.grizzly.http.server.HttpServerFilter.handleRead(HttpServerFilter.java:235)
	at org.glassfish.grizzly.filterchain.ExecutorResolver$9.execute(ExecutorResolver.java:119)
	at org.glassfish.grizzly.filterchain.DefaultFilterChain.executeFilter(DefaultFilterChain.java:284)
	at org.glassfish.grizzly.filterchain.DefaultFilterChain.executeChainPart(DefaultFilterChain.java:201)
	at org.glassfish.grizzly.filterchain.DefaultFilterChain.execute(DefaultFilterChain.java:133)
	at org.glassfish.grizzly.filterchain.DefaultFilterChain.process(DefaultFilterChain.java:112)
	at org.glassfish.grizzly.ProcessorExecutor.execute(ProcessorExecutor.java:77)
	at org.glassfish.grizzly.nio.transport.TCPNIOTransport.fireIOEvent(TCPNIOTransport.java:561)
	at org.glassfish.grizzly.strategies.AbstractIOStrategy.fireIOEvent(AbstractIOStrategy.java:112)
	at org.glassfish.grizzly.strategies.WorkerThreadIOStrategy.run0(WorkerThreadIOStrategy.java:117)
	at org.glassfish.grizzly.strategies.WorkerThreadIOStrategy.access$100(WorkerThreadIOStrategy.java:56)
	at org.glassfish.grizzly.strategies.WorkerThreadIOStrategy$WorkerThreadRunnable.run(WorkerThreadIOStrategy.java:137)
	at org.glassfish.grizzly.threadpool.AbstractThreadPool$Worker.doWork(AbstractThreadPool.java:565)
	at org.glassfish.grizzly.threadpool.AbstractThreadPool$Worker.run(AbstractThreadPool.java:545)
	at java.lang.Thread.run(Thread.java:748)

sep 29, 2017 10:59:34 PM com.sun.enterprise.transaction.JavaEETransactionImpl commit
ADVERTENCIA: DTX5014: Caught exception in beforeCompletion() callback:
java.lang.IllegalStateException: During synchronization a new object was found through a relationship that was not marked cascade PERSIST: co.edu.uniandes.csw.traducciones.entities.IdiomaEntity@aabe14ee.
	at org.eclipse.persistence.internal.sessions.RepeatableWriteUnitOfWork.discoverUnregisteredNewObjects(RepeatableWriteUnitOfWork.java:313)
	at org.eclipse.persistence.internal.sessions.UnitOfWorkImpl.calculateChanges(UnitOfWorkImpl.java:723)
	at org.eclipse.persistence.internal.sessions.UnitOfWorkImpl.commitToDatabaseWithChangeSet(UnitOfWorkImpl.java:1516)
	at org.eclipse.persistence.internal.sessions.UnitOfWorkImpl.issueSQLbeforeCompletion(UnitOfWorkImpl.java:3168)
	at org.eclipse.persistence.internal.sessions.RepeatableWriteUnitOfWork.issueSQLbeforeCompletion(RepeatableWriteUnitOfWork.java:355)
	at org.eclipse.persistence.transaction.AbstractSynchronizationListener.beforeCompletion(AbstractSynchronizationListener.java:158)
	at org.eclipse.persistence.transaction.JTASynchronizationListener.beforeCompletion(JTASynchronizationListener.java:68)
	at com.sun.enterprise.transaction.JavaEETransactionImpl.commit(JavaEETransactionImpl.java:452)
	at com.sun.enterprise.transaction.JavaEETransactionManagerSimplified.commit(JavaEETransactionManagerSimplified.java:854)
	at com.sun.enterprise.transaction.UserTransactionImpl.commit(UserTransactionImpl.java:212)
	at sun.reflect.NativeMethodAccessorImpl.invoke0(Native Method)
	at sun.reflect.NativeMethodAccessorImpl.invoke(NativeMethodAccessorImpl.java:62)
	at sun.reflect.DelegatingMethodAccessorImpl.invoke(DelegatingMethodAccessorImpl.java:43)
	at java.lang.reflect.Method.invoke(Method.java:498)
	at org.jboss.weld.util.reflection.Reflections.invokeAndUnwrap(Reflections.java:414)
	at org.jboss.weld.bean.builtin.CallableMethodHandler.invoke(CallableMethodHandler.java:42)
	at org.jboss.weld.bean.proxy.EnterpriseTargetBeanInstance.invoke(EnterpriseTargetBeanInstance.java:56)
	at org.jboss.weld.bean.proxy.ProxyMethodHandler.invoke(ProxyMethodHandler.java:100)
	at org.jboss.weldx.transaction.UserTransaction$980226062$Proxy$_$$_Weld$Proxy$.commit(Unknown Source)
	at co.edu.uniandes.csw.traducciones.persistence.SolicitudPersistenceTest.setUp(SolicitudPersistenceTest.java:68)
	at sun.reflect.NativeMethodAccessorImpl.invoke0(Native Method)
	at sun.reflect.NativeMethodAccessorImpl.invoke(NativeMethodAccessorImpl.java:62)
	at sun.reflect.DelegatingMethodAccessorImpl.invoke(DelegatingMethodAccessorImpl.java:43)
	at java.lang.reflect.Method.invoke(Method.java:498)
	at org.junit.runners.model.FrameworkMethod$1.runReflectiveCall(FrameworkMethod.java:50)
	at org.junit.internal.runners.model.ReflectiveCallable.run(ReflectiveCallable.java:12)
	at org.junit.runners.model.FrameworkMethod.invokeExplosively(FrameworkMethod.java:47)
	at org.junit.internal.runners.statements.RunBefores.evaluate(RunBefores.java:24)
	at org.jboss.arquillian.junit.Arquillian$StatementLifecycleExecutor.invoke(Arquillian.java:463)
	at org.jboss.arquillian.container.test.impl.execution.BeforeLifecycleEventExecuter.on(BeforeLifecycleEventExecuter.java:35)
	at sun.reflect.NativeMethodAccessorImpl.invoke0(Native Method)
	at sun.reflect.NativeMethodAccessorImpl.invoke(NativeMethodAccessorImpl.java:62)
	at sun.reflect.DelegatingMethodAccessorImpl.invoke(DelegatingMethodAccessorImpl.java:43)
	at java.lang.reflect.Method.invoke(Method.java:498)
	at org.jboss.arquillian.core.impl.ObserverImpl.invoke(ObserverImpl.java:94)
	at org.jboss.arquillian.core.impl.EventContextImpl.invokeObservers(EventContextImpl.java:99)
	at org.jboss.arquillian.core.impl.EventContextImpl.proceed(EventContextImpl.java:81)
	at org.jboss.arquillian.test.impl.TestContextHandler.createTestContext(TestContextHandler.java:130)
	at sun.reflect.NativeMethodAccessorImpl.invoke0(Native Method)
	at sun.reflect.NativeMethodAccessorImpl.invoke(NativeMethodAccessorImpl.java:62)
	at sun.reflect.DelegatingMethodAccessorImpl.invoke(DelegatingMethodAccessorImpl.java:43)
	at java.lang.reflect.Method.invoke(Method.java:498)
	at org.jboss.arquillian.core.impl.ObserverImpl.invoke(ObserverImpl.java:94)
	at org.jboss.arquillian.core.impl.EventContextImpl.proceed(EventContextImpl.java:88)
	at org.jboss.arquillian.test.impl.TestContextHandler.createClassContext(TestContextHandler.java:92)
	at sun.reflect.NativeMethodAccessorImpl.invoke0(Native Method)
	at sun.reflect.NativeMethodAccessorImpl.invoke(NativeMethodAccessorImpl.java:62)
	at sun.reflect.DelegatingMethodAccessorImpl.invoke(DelegatingMethodAccessorImpl.java:43)
	at java.lang.reflect.Method.invoke(Method.java:498)
	at org.jboss.arquillian.core.impl.ObserverImpl.invoke(ObserverImpl.java:94)
	at org.jboss.arquillian.core.impl.EventContextImpl.proceed(EventContextImpl.java:88)
	at org.jboss.arquillian.test.impl.TestContextHandler.createSuiteContext(TestContextHandler.java:73)
	at sun.reflect.NativeMethodAccessorImpl.invoke0(Native Method)
	at sun.reflect.NativeMethodAccessorImpl.invoke(NativeMethodAccessorImpl.java:62)
	at sun.reflect.DelegatingMethodAccessorImpl.invoke(DelegatingMethodAccessorImpl.java:43)
	at java.lang.reflect.Method.invoke(Method.java:498)
	at org.jboss.arquillian.core.impl.ObserverImpl.invoke(ObserverImpl.java:94)
	at org.jboss.arquillian.core.impl.EventContextImpl.proceed(EventContextImpl.java:88)
	at org.jboss.arquillian.core.impl.ManagerImpl.fire(ManagerImpl.java:145)
	at org.jboss.arquillian.core.impl.ManagerImpl.fire(ManagerImpl.java:116)
	at org.jboss.arquillian.test.impl.EventTestRunnerAdaptor.before(EventTestRunnerAdaptor.java:108)
	at org.jboss.arquillian.junit.Arquillian$4.evaluate(Arquillian.java:241)
	at org.jboss.arquillian.junit.Arquillian.multiExecute(Arquillian.java:426)
	at org.jboss.arquillian.junit.Arquillian.access$200(Arquillian.java:54)
	at org.jboss.arquillian.junit.Arquillian$5.evaluate(Arquillian.java:259)
	at org.jboss.arquillian.junit.Arquillian$7$1.invoke(Arquillian.java:319)
	at org.jboss.arquillian.container.test.impl.execution.BeforeLifecycleEventExecuter.on(BeforeLifecycleEventExecuter.java:35)
	at sun.reflect.NativeMethodAccessorImpl.invoke0(Native Method)
	at sun.reflect.NativeMethodAccessorImpl.invoke(NativeMethodAccessorImpl.java:62)
	at sun.reflect.DelegatingMethodAccessorImpl.invoke(DelegatingMethodAccessorImpl.java:43)
	at java.lang.reflect.Method.invoke(Method.java:498)
	at org.jboss.arquillian.core.impl.ObserverImpl.invoke(ObserverImpl.java:94)
	at org.jboss.arquillian.core.impl.EventContextImpl.invokeObservers(EventContextImpl.java:99)
	at org.jboss.arquillian.core.impl.EventContextImpl.proceed(EventContextImpl.java:81)
	at org.jboss.arquillian.test.impl.TestContextHandler.createTestContext(TestContextHandler.java:130)
	at sun.reflect.NativeMethodAccessorImpl.invoke0(Native Method)
	at sun.reflect.NativeMethodAccessorImpl.invoke(NativeMethodAccessorImpl.java:62)
	at sun.reflect.DelegatingMethodAccessorImpl.invoke(DelegatingMethodAccessorImpl.java:43)
	at java.lang.reflect.Method.invoke(Method.java:498)
	at org.jboss.arquillian.core.impl.ObserverImpl.invoke(ObserverImpl.java:94)
	at org.jboss.arquillian.core.impl.EventContextImpl.proceed(EventContextImpl.java:88)
	at org.jboss.arquillian.test.impl.TestContextHandler.createClassContext(TestContextHandler.java:92)
	at sun.reflect.NativeMethodAccessorImpl.invoke0(Native Method)
	at sun.reflect.NativeMethodAccessorImpl.invoke(NativeMethodAccessorImpl.java:62)
	at sun.reflect.DelegatingMethodAccessorImpl.invoke(DelegatingMethodAccessorImpl.java:43)
	at java.lang.reflect.Method.invoke(Method.java:498)
	at org.jboss.arquillian.core.impl.ObserverImpl.invoke(ObserverImpl.java:94)
	at org.jboss.arquillian.core.impl.EventContextImpl.proceed(EventContextImpl.java:88)
	at org.jboss.arquillian.test.impl.TestContextHandler.createSuiteContext(TestContextHandler.java:73)
	at sun.reflect.NativeMethodAccessorImpl.invoke0(Native Method)
	at sun.reflect.NativeMethodAccessorImpl.invoke(NativeMethodAccessorImpl.java:62)
	at sun.reflect.DelegatingMethodAccessorImpl.invoke(DelegatingMethodAccessorImpl.java:43)
	at java.lang.reflect.Method.invoke(Method.java:498)
	at org.jboss.arquillian.core.impl.ObserverImpl.invoke(ObserverImpl.java:94)
	at org.jboss.arquillian.core.impl.EventContextImpl.proceed(EventContextImpl.java:88)
	at org.jboss.arquillian.core.impl.ManagerImpl.fire(ManagerImpl.java:145)
	at org.jboss.arquillian.core.impl.ManagerImpl.fire(ManagerImpl.java:116)
	at org.jboss.arquillian.test.impl.EventTestRunnerAdaptor.fireCustomLifecycle(EventTestRunnerAdaptor.java:159)
	at org.jboss.arquillian.junit.Arquillian$7.evaluate(Arquillian.java:312)
	at org.junit.runners.ParentRunner.runLeaf(ParentRunner.java:325)
	at org.junit.runners.BlockJUnit4ClassRunner.runChild(BlockJUnit4ClassRunner.java:78)
	at org.junit.runners.BlockJUnit4ClassRunner.runChild(BlockJUnit4ClassRunner.java:57)
	at org.junit.runners.ParentRunner$3.run(ParentRunner.java:290)
	at org.junit.runners.ParentRunner$1.schedule(ParentRunner.java:71)
	at org.junit.runners.ParentRunner.runChildren(ParentRunner.java:288)
	at org.junit.runners.ParentRunner.access$000(ParentRunner.java:58)
	at org.junit.runners.ParentRunner$2.evaluate(ParentRunner.java:268)
	at org.jboss.arquillian.junit.Arquillian$2.evaluate(Arquillian.java:204)
	at org.jboss.arquillian.junit.Arquillian.multiExecute(Arquillian.java:426)
	at org.jboss.arquillian.junit.Arquillian.access$200(Arquillian.java:54)
	at org.jboss.arquillian.junit.Arquillian$3.evaluate(Arquillian.java:218)
	at org.junit.runners.ParentRunner.run(ParentRunner.java:363)
	at org.jboss.arquillian.junit.Arquillian.run(Arquillian.java:166)
	at org.junit.runner.JUnitCore.run(JUnitCore.java:137)
	at org.junit.runner.JUnitCore.run(JUnitCore.java:115)
	at org.jboss.arquillian.junit.container.JUnitTestRunner.execute(JUnitTestRunner.java:66)
	at org.jboss.arquillian.protocol.servlet.runner.ServletTestRunner.executeTest(ServletTestRunner.java:170)
	at org.jboss.arquillian.protocol.servlet.runner.ServletTestRunner.execute(ServletTestRunner.java:135)
	at org.jboss.arquillian.protocol.servlet.runner.ServletTestRunner.doGet(ServletTestRunner.java:98)
	at javax.servlet.http.HttpServlet.service(HttpServlet.java:687)
	at javax.servlet.http.HttpServlet.service(HttpServlet.java:790)
	at org.apache.catalina.core.StandardWrapper.service(StandardWrapper.java:1682)
	at org.apache.catalina.core.StandardWrapperValve.invoke(StandardWrapperValve.java:318)
	at org.apache.catalina.core.StandardContextValve.invoke(StandardContextValve.java:160)
	at org.apache.catalina.core.StandardPipeline.doInvoke(StandardPipeline.java:734)
	at org.apache.catalina.core.StandardPipeline.invoke(StandardPipeline.java:673)
	at com.sun.enterprise.web.WebPipeline.invoke(WebPipeline.java:99)
	at org.apache.catalina.core.StandardHostValve.invoke(StandardHostValve.java:174)
	at org.apache.catalina.connector.CoyoteAdapter.doService(CoyoteAdapter.java:415)
	at org.apache.catalina.connector.CoyoteAdapter.service(CoyoteAdapter.java:282)
	at com.sun.enterprise.v3.services.impl.ContainerMapper$HttpHandlerCallable.call(ContainerMapper.java:459)
	at com.sun.enterprise.v3.services.impl.ContainerMapper.service(ContainerMapper.java:167)
	at org.glassfish.grizzly.http.server.HttpHandler.runService(HttpHandler.java:201)
	at org.glassfish.grizzly.http.server.HttpHandler.doHandle(HttpHandler.java:175)
	at org.glassfish.grizzly.http.server.HttpServerFilter.handleRead(HttpServerFilter.java:235)
	at org.glassfish.grizzly.filterchain.ExecutorResolver$9.execute(ExecutorResolver.java:119)
	at org.glassfish.grizzly.filterchain.DefaultFilterChain.executeFilter(DefaultFilterChain.java:284)
	at org.glassfish.grizzly.filterchain.DefaultFilterChain.executeChainPart(DefaultFilterChain.java:201)
	at org.glassfish.grizzly.filterchain.DefaultFilterChain.execute(DefaultFilterChain.java:133)
	at org.glassfish.grizzly.filterchain.DefaultFilterChain.process(DefaultFilterChain.java:112)
	at org.glassfish.grizzly.ProcessorExecutor.execute(ProcessorExecutor.java:77)
	at org.glassfish.grizzly.nio.transport.TCPNIOTransport.fireIOEvent(TCPNIOTransport.java:561)
	at org.glassfish.grizzly.strategies.AbstractIOStrategy.fireIOEvent(AbstractIOStrategy.java:112)
	at org.glassfish.grizzly.strategies.WorkerThreadIOStrategy.run0(WorkerThreadIOStrategy.java:117)
	at org.glassfish.grizzly.strategies.WorkerThreadIOStrategy.access$100(WorkerThreadIOStrategy.java:56)
	at org.glassfish.grizzly.strategies.WorkerThreadIOStrategy$WorkerThreadRunnable.run(WorkerThreadIOStrategy.java:137)
	at org.glassfish.grizzly.threadpool.AbstractThreadPool$Worker.doWork(AbstractThreadPool.java:565)
	at org.glassfish.grizzly.threadpool.AbstractThreadPool$Worker.run(AbstractThreadPool.java:545)
	at java.lang.Thread.run(Thread.java:748)

javax.transaction.RollbackException: Transaction marked for rollback.
	at com.sun.enterprise.transaction.JavaEETransactionImpl.commit(JavaEETransactionImpl.java:490)
	at com.sun.enterprise.transaction.JavaEETransactionManagerSimplified.commit(JavaEETransactionManagerSimplified.java:854)
	at com.sun.enterprise.transaction.UserTransactionImpl.commit(UserTransactionImpl.java:212)
	at sun.reflect.NativeMethodAccessorImpl.invoke0(Native Method)
	at sun.reflect.NativeMethodAccessorImpl.invoke(NativeMethodAccessorImpl.java:62)
	at sun.reflect.DelegatingMethodAccessorImpl.invoke(DelegatingMethodAccessorImpl.java:43)
	at java.lang.reflect.Method.invoke(Method.java:498)
	at org.jboss.weld.util.reflection.Reflections.invokeAndUnwrap(Reflections.java:414)
	at org.jboss.weld.bean.builtin.CallableMethodHandler.invoke(CallableMethodHandler.java:42)
	at org.jboss.weld.bean.proxy.EnterpriseTargetBeanInstance.invoke(EnterpriseTargetBeanInstance.java:56)
	at org.jboss.weld.bean.proxy.ProxyMethodHandler.invoke(ProxyMethodHandler.java:100)
	at org.jboss.weldx.transaction.UserTransaction$980226062$Proxy$_$$_Weld$Proxy$.commit(Unknown Source)
	at co.edu.uniandes.csw.traducciones.persistence.SolicitudPersistenceTest.setUp(SolicitudPersistenceTest.java:68)
	at sun.reflect.NativeMethodAccessorImpl.invoke0(Native Method)
	at sun.reflect.NativeMethodAccessorImpl.invoke(NativeMethodAccessorImpl.java:62)
	at sun.reflect.DelegatingMethodAccessorImpl.invoke(DelegatingMethodAccessorImpl.java:43)
	at java.lang.reflect.Method.invoke(Method.java:498)
	at org.junit.runners.model.FrameworkMethod$1.runReflectiveCall(FrameworkMethod.java:50)
	at org.junit.internal.runners.model.ReflectiveCallable.run(ReflectiveCallable.java:12)
	at org.junit.runners.model.FrameworkMethod.invokeExplosively(FrameworkMethod.java:47)
	at org.junit.internal.runners.statements.RunBefores.evaluate(RunBefores.java:24)
	at org.jboss.arquillian.junit.Arquillian$StatementLifecycleExecutor.invoke(Arquillian.java:463)
	at org.jboss.arquillian.container.test.impl.execution.BeforeLifecycleEventExecuter.on(BeforeLifecycleEventExecuter.java:35)
	at sun.reflect.NativeMethodAccessorImpl.invoke0(Native Method)
	at sun.reflect.NativeMethodAccessorImpl.invoke(NativeMethodAccessorImpl.java:62)
	at sun.reflect.DelegatingMethodAccessorImpl.invoke(DelegatingMethodAccessorImpl.java:43)
	at java.lang.reflect.Method.invoke(Method.java:498)
	at org.jboss.arquillian.core.impl.ObserverImpl.invoke(ObserverImpl.java:94)
	at org.jboss.arquillian.core.impl.EventContextImpl.invokeObservers(EventContextImpl.java:99)
	at org.jboss.arquillian.core.impl.EventContextImpl.proceed(EventContextImpl.java:81)
	at org.jboss.arquillian.test.impl.TestContextHandler.createTestContext(TestContextHandler.java:130)
	at sun.reflect.NativeMethodAccessorImpl.invoke0(Native Method)
	at sun.reflect.NativeMethodAccessorImpl.invoke(NativeMethodAccessorImpl.java:62)
	at sun.reflect.DelegatingMethodAccessorImpl.invoke(DelegatingMethodAccessorImpl.java:43)
	at java.lang.reflect.Method.invoke(Method.java:498)
	at org.jboss.arquillian.core.impl.ObserverImpl.invoke(ObserverImpl.java:94)
	at org.jboss.arquillian.core.impl.EventContextImpl.proceed(EventContextImpl.java:88)
	at org.jboss.arquillian.test.impl.TestContextHandler.createClassContext(TestContextHandler.java:92)
	at sun.reflect.NativeMethodAccessorImpl.invoke0(Native Method)
	at sun.reflect.NativeMethodAccessorImpl.invoke(NativeMethodAccessorImpl.java:62)
	at sun.reflect.DelegatingMethodAccessorImpl.invoke(DelegatingMethodAccessorImpl.java:43)
	at java.lang.reflect.Method.invoke(Method.java:498)
	at org.jboss.arquillian.core.impl.ObserverImpl.invoke(ObserverImpl.java:94)
	at org.jboss.arquillian.core.impl.EventContextImpl.proceed(EventContextImpl.java:88)
	at org.jboss.arquillian.test.impl.TestContextHandler.createSuiteContext(TestContextHandler.java:73)
	at sun.reflect.NativeMethodAccessorImpl.invoke0(Native Method)
	at sun.reflect.NativeMethodAccessorImpl.invoke(NativeMethodAccessorImpl.java:62)
	at sun.reflect.DelegatingMethodAccessorImpl.invoke(DelegatingMethodAccessorImpl.java:43)
	at java.lang.reflect.Method.invoke(Method.java:498)
	at org.jboss.arquillian.core.impl.ObserverImpl.invoke(ObserverImpl.java:94)
	at org.jboss.arquillian.core.impl.EventContextImpl.proceed(EventContextImpl.java:88)
	at org.jboss.arquillian.core.impl.ManagerImpl.fire(ManagerImpl.java:145)
	at org.jboss.arquillian.core.impl.ManagerImpl.fire(ManagerImpl.java:116)
	at org.jboss.arquillian.test.impl.EventTestRunnerAdaptor.before(EventTestRunnerAdaptor.java:108)
	at org.jboss.arquillian.junit.Arquillian$4.evaluate(Arquillian.java:241)
	at org.jboss.arquillian.junit.Arquillian.multiExecute(Arquillian.java:426)
	at org.jboss.arquillian.junit.Arquillian.access$200(Arquillian.java:54)
	at org.jboss.arquillian.junit.Arquillian$5.evaluate(Arquillian.java:259)
	at org.jboss.arquillian.junit.Arquillian$7$1.invoke(Arquillian.java:319)
	at org.jboss.arquillian.container.test.impl.execution.BeforeLifecycleEventExecuter.on(BeforeLifecycleEventExecuter.java:35)
	at sun.reflect.NativeMethodAccessorImpl.invoke0(Native Method)
	at sun.reflect.NativeMethodAccessorImpl.invoke(NativeMethodAccessorImpl.java:62)
	at sun.reflect.DelegatingMethodAccessorImpl.invoke(DelegatingMethodAccessorImpl.java:43)
	at java.lang.reflect.Method.invoke(Method.java:498)
	at org.jboss.arquillian.core.impl.ObserverImpl.invoke(ObserverImpl.java:94)
	at org.jboss.arquillian.core.impl.EventContextImpl.invokeObservers(EventContextImpl.java:99)
	at org.jboss.arquillian.core.impl.EventContextImpl.proceed(EventContextImpl.java:81)
[...]
	at org.jboss.arquillian.core.impl.ObserverImpl.invoke(ObserverImpl.java:94)
	at org.jboss.arquillian.core.impl.EventContextImpl.invokeObservers(EventContextImpl.java:99)
	at org.jboss.arquillian.core.impl.EventContextImpl.proceed(EventContextImpl.java:81)
	at org.jboss.arquillian.test.impl.TestContextHandler.createTestContext(TestContextHandler.java:130)
	at sun.reflect.GeneratedMethodAccessor54.invoke(Unknown Source)
	at sun.reflect.DelegatingMethodAccessorImpl.invoke(DelegatingMethodAccessorImpl.java:43)
	at java.lang.reflect.Method.invoke(Method.java:498)
	at org.jboss.arquillian.core.impl.ObserverImpl.invoke(ObserverImpl.java:94)
	at org.jboss.arquillian.core.impl.EventContextImpl.proceed(EventContextImpl.java:88)
	at org.jboss.arquillian.test.impl.TestContextHandler.createClassContext(TestContextHandler.java:92)
	at sun.reflect.GeneratedMethodAccessor47.invoke(Unknown Source)
	at sun.reflect.DelegatingMethodAccessorImpl.invoke(DelegatingMethodAccessorImpl.java:43)
	at java.lang.reflect.Method.invoke(Method.java:498)
	at org.jboss.arquillian.core.impl.ObserverImpl.invoke(ObserverImpl.java:94)
	at org.jboss.arquillian.core.impl.EventContextImpl.proceed(EventContextImpl.java:88)
	at org.jboss.arquillian.test.impl.TestContextHandler.createSuiteContext(TestContextHandler.java:73)
	at sun.reflect.GeneratedMethodAccessor46.invoke(Unknown Source)
	at sun.reflect.DelegatingMethodAccessorImpl.invoke(DelegatingMethodAccessorImpl.java:43)
	at java.lang.reflect.Method.invoke(Method.java:498)
	at org.jboss.arquillian.core.impl.ObserverImpl.invoke(ObserverImpl.java:94)
	at org.jboss.arquillian.core.impl.EventContextImpl.proceed(EventContextImpl.java:88)
	at org.jboss.arquillian.core.impl.ManagerImpl.fire(ManagerImpl.java:145)
	at org.jboss.arquillian.core.impl.ManagerImpl.fire(ManagerImpl.java:116)
	at org.jboss.arquillian.test.impl.EventTestRunnerAdaptor.before(EventTestRunnerAdaptor.java:108)
	at org.jboss.arquillian.junit.Arquillian$4.evaluate(Arquillian.java:241)
	at org.jboss.arquillian.junit.Arquillian.multiExecute(Arquillian.java:426)
	at org.jboss.arquillian.junit.Arquillian.access$200(Arquillian.java:54)
	at org.jboss.arquillian.junit.Arquillian$5.evaluate(Arquillian.java:259)
	at org.jboss.arquillian.junit.Arquillian$7$1.invoke(Arquillian.java:319)
	at org.jboss.arquillian.container.test.impl.execution.BeforeLifecycleEventExecuter.on(BeforeLifecycleEventExecuter.java:35)
	at sun.reflect.NativeMethodAccessorImpl.invoke0(Native Method)
	at sun.reflect.NativeMethodAccessorImpl.invoke(NativeMethodAccessorImpl.java:62)
	at sun.reflect.DelegatingMethodAccessorImpl.invoke(DelegatingMethodAccessorImpl.java:43)
	at java.lang.reflect.Method.invoke(Method.java:498)
	at org.jboss.arquillian.core.impl.ObserverImpl.invoke(ObserverImpl.java:94)
	at org.jboss.arquillian.core.impl.EventContextImpl.invokeObservers(EventContextImpl.java:99)
	at org.jboss.arquillian.core.impl.EventContextImpl.proceed(EventContextImpl.java:81)
	at org.jboss.arquillian.test.impl.TestContextHandler.createTestContext(TestContextHandler.java:130)
	at sun.reflect.GeneratedMethodAccessor54.invoke(Unknown Source)
	at sun.reflect.DelegatingMethodAccessorImpl.invoke(DelegatingMethodAccessorImpl.java:43)
	at java.lang.reflect.Method.invoke(Method.java:498)
	at org.jboss.arquillian.core.impl.ObserverImpl.invoke(ObserverImpl.java:94)
	at org.jboss.arquillian.core.impl.EventContextImpl.proceed(EventContextImpl.java:88)
	at org.jboss.arquillian.test.impl.TestContextHandler.createClassContext(TestContextHandler.java:92)
	at sun.reflect.GeneratedMethodAccessor47.invoke(Unknown Source)
	at sun.reflect.DelegatingMethodAccessorImpl.invoke(DelegatingMethodAccessorImpl.java:43)
	at java.lang.reflect.Method.invoke(Method.java:498)
	at org.jboss.arquillian.core.impl.ObserverImpl.invoke(ObserverImpl.java:94)
	at org.jboss.arquillian.core.impl.EventContextImpl.proceed(EventContextImpl.java:88)
	at org.jboss.arquillian.test.impl.TestContextHandler.createSuiteContext(TestContextHandler.java:73)
	at sun.reflect.GeneratedMethodAccessor46.invoke(Unknown Source)
	at sun.reflect.DelegatingMethodAccessorImpl.invoke(DelegatingMethodAccessorImpl.java:43)
	at java.lang.reflect.Method.invoke(Method.java:498)
	at org.jboss.arquillian.core.impl.ObserverImpl.invoke(ObserverImpl.java:94)
	at org.jboss.arquillian.core.impl.EventContextImpl.proceed(EventContextImpl.java:88)
	at org.jboss.arquillian.core.impl.ManagerImpl.fire(ManagerImpl.java:145)
	at org.jboss.arquillian.core.impl.ManagerImpl.fire(ManagerImpl.java:116)
	at org.jboss.arquillian.test.impl.EventTestRunnerAdaptor.fireCustomLifecycle(EventTestRunnerAdaptor.java:159)
	at org.jboss.arquillian.junit.Arquillian$7.evaluate(Arquillian.java:312)
	at org.junit.runners.ParentRunner.runLeaf(ParentRunner.java:325)
	at org.junit.runners.BlockJUnit4ClassRunner.runChild(BlockJUnit4ClassRunner.java:78)
	at org.junit.runners.BlockJUnit4ClassRunner.runChild(BlockJUnit4ClassRunner.java:57)
	at org.junit.runners.ParentRunner$3.run(ParentRunner.java:290)
	at org.junit.runners.ParentRunner$1.schedule(ParentRunner.java:71)
	at org.junit.runners.ParentRunner.runChildren(ParentRunner.java:288)
	at org.junit.runners.ParentRunner.access$000(ParentRunner.java:58)
	at org.junit.runners.ParentRunner$2.evaluate(ParentRunner.java:268)
	at org.jboss.arquillian.junit.Arquillian$2.evaluate(Arquillian.java:204)
	at org.jboss.arquillian.junit.Arquillian.multiExecute(Arquillian.java:426)
	at org.jboss.arquillian.junit.Arquillian.access$200(Arquillian.java:54)
	at org.jboss.arquillian.junit.Arquillian$3.evaluate(Arquillian.java:218)
	at org.junit.runners.ParentRunner.run(ParentRunner.java:363)
	at org.jboss.arquillian.junit.Arquillian.run(Arquillian.java:166)
	at org.junit.runner.JUnitCore.run(JUnitCore.java:137)
	at org.junit.runner.JUnitCore.run(JUnitCore.java:115)
	at org.jboss.arquillian.junit.container.JUnitTestRunner.execute(JUnitTestRunner.java:66)
	at org.jboss.arquillian.protocol.servlet.runner.ServletTestRunner.executeTest(ServletTestRunner.java:170)
	at org.jboss.arquillian.protocol.servlet.runner.ServletTestRunner.execute(ServletTestRunner.java:135)
	at org.jboss.arquillian.protocol.servlet.runner.ServletTestRunner.doGet(ServletTestRunner.java:98)
	at javax.servlet.http.HttpServlet.service(HttpServlet.java:687)
	at javax.servlet.http.HttpServlet.service(HttpServlet.java:790)
	at org.apache.catalina.core.StandardWrapper.service(StandardWrapper.java:1682)
	at org.apache.catalina.core.StandardWrapperValve.invoke(StandardWrapperValve.java:318)
	at org.apache.catalina.core.StandardContextValve.invoke(StandardContextValve.java:160)
	at org.apache.catalina.core.StandardPipeline.doInvoke(StandardPipeline.java:734)
	at org.apache.catalina.core.StandardPipeline.invoke(StandardPipeline.java:673)
	at com.sun.enterprise.web.WebPipeline.invoke(WebPipeline.java:99)
	at org.apache.catalina.core.StandardHostValve.invoke(StandardHostValve.java:174)
	at org.apache.catalina.connector.CoyoteAdapter.doService(CoyoteAdapter.java:415)
	at org.apache.catalina.connector.CoyoteAdapter.service(CoyoteAdapter.java:282)
	at com.sun.enterprise.v3.services.impl.ContainerMapper$HttpHandlerCallable.call(ContainerMapper.java:459)
	at com.sun.enterprise.v3.services.impl.ContainerMapper.service(ContainerMapper.java:167)
	at org.glassfish.grizzly.http.server.HttpHandler.runService(HttpHandler.java:201)
	at org.glassfish.grizzly.http.server.HttpHandler.doHandle(HttpHandler.java:175)
	at org.glassfish.grizzly.http.server.HttpServerFilter.handleRead(HttpServerFilter.java:235)
	at org.glassfish.grizzly.filterchain.ExecutorResolver$9.execute(ExecutorResolver.java:119)
	at org.glassfish.grizzly.filterchain.DefaultFilterChain.executeFilter(DefaultFilterChain.java:284)
	at org.glassfish.grizzly.filterchain.DefaultFilterChain.executeChainPart(DefaultFilterChain.java:201)
	at org.glassfish.grizzly.filterchain.DefaultFilterChain.execute(DefaultFilterChain.java:133)
	at org.glassfish.grizzly.filterchain.DefaultFilterChain.process(DefaultFilterChain.java:112)
	at org.glassfish.grizzly.ProcessorExecutor.execute(ProcessorExecutor.java:77)
	at org.glassfish.grizzly.nio.transport.TCPNIOTransport.fireIOEvent(TCPNIOTransport.java:561)
	at org.glassfish.grizzly.strategies.AbstractIOStrategy.fireIOEvent(AbstractIOStrategy.java:112)
	at org.glassfish.grizzly.strategies.WorkerThreadIOStrategy.run0(WorkerThreadIOStrategy.java:117)
	at org.glassfish.grizzly.strategies.WorkerThreadIOStrategy.access$100(WorkerThreadIOStrategy.java:56)
	at org.glassfish.grizzly.strategies.WorkerThreadIOStrategy$WorkerThreadRunnable.run(WorkerThreadIOStrategy.java:137)
	at org.glassfish.grizzly.threadpool.AbstractThreadPool$Worker.doWork(AbstractThreadPool.java:565)
	at org.glassfish.grizzly.threadpool.AbstractThreadPool$Worker.run(AbstractThreadPool.java:545)
	at java.lang.Thread.run(Thread.java:748)
sep 29, 2017 10:59:37 PM org.springframework.context.support.ClassPathXmlApplicationContext prepareRefresh
INFORMACIÓN: Refreshing org.springframework.context.support.ClassPathXmlApplicationContext@f4be7cb: startup date [Fri Sep 29 22:59:37 COT 2017]; root of context hierarchy
sep 29, 2017 10:59:37 PM org.springframework.beans.factory.xml.XmlBeanDefinitionReader loadBeanDefinitions
INFORMACIÓN: Loading XML bean definitions from class path resource [META-INF/spring/podam-config.xml]
sep 29, 2017 10:59:37 PM org.springframework.beans.factory.xml.XmlBeanDefinitionReader loadBeanDefinitions
INFORMACIÓN: Loading XML bean definitions from class path resource [META-INF/spring/podam-integration-config.xml]
sep 29, 2017 10:59:37 PM org.springframework.integration.config.IntegrationRegistrar registerHeaderChannelRegistry
INFORMACIÓN: No bean named &apos;integrationHeaderChannelRegistry&apos; has been explicitly defined. Therefore, a default DefaultHeaderChannelRegistry will be created.
sep 29, 2017 10:59:37 PM org.springframework.integration.config.DefaultConfiguringBeanFactoryPostProcessor registerErrorChannel
INFORMACIÓN: No bean named &apos;errorChannel&apos; has been explicitly defined. Therefore, a default PublishSubscribeChannel will be created.
sep 29, 2017 10:59:37 PM org.springframework.integration.config.DefaultConfiguringBeanFactoryPostProcessor registerTaskScheduler
INFORMACIÓN: No bean named &apos;taskScheduler&apos; has been explicitly defined. Therefore, a default ThreadPoolTaskScheduler will be created.
sep 29, 2017 10:59:37 PM org.springframework.beans.factory.config.PropertiesFactoryBean loadProperties
INFORMACIÓN: Loading properties file from URL [jar:file:/C:/Users/ne.ortega/.m2/repository/org/springframework/integration/spring-integration-core/4.1.3.RELEASE/spring-integration-core-4.1.3.RELEASE.jar!/META-INF/spring.integration.default.properties]
sep 29, 2017 10:59:37 PM org.springframework.scheduling.concurrent.ThreadPoolTaskScheduler initialize
INFORMACIÓN: Initializing ExecutorService  &apos;taskScheduler&apos;
sep 29, 2017 10:59:37 PM org.springframework.context.support.DefaultLifecycleProcessor start
INFORMACIÓN: Starting beans in phase -2147483648
sep 29, 2017 10:59:37 PM org.springframework.context.support.DefaultLifecycleProcessor start
INFORMACIÓN: Starting beans in phase 0
sep 29, 2017 10:59:37 PM org.springframework.integration.endpoint.EventDrivenConsumer logComponentSubscriptionEvent
INFORMACIÓN: Adding {router} as a subscriber to the &apos;podamInputChannel&apos; channel
sep 29, 2017 10:59:37 PM org.springframework.integration.channel.DirectChannel adjustCounterIfNecessary
INFORMACIÓN: Channel &apos;org.springframework.context.support.ClassPathXmlApplicationContext@f4be7cb.podamInputChannel&apos; has 1 subscriber(s).
sep 29, 2017 10:59:37 PM org.springframework.integration.endpoint.EventDrivenConsumer start
INFORMACIÓN: started org.springframework.integration.config.ConsumerEndpointFactoryBean#0
sep 29, 2017 10:59:37 PM org.springframework.integration.endpoint.EventDrivenConsumer logComponentSubscriptionEvent
INFORMACIÓN: Adding {service-activator} as a subscriber to the &apos;booleanChannel&apos; channel
sep 29, 2017 10:59:37 PM org.springframework.integration.channel.DirectChannel adjustCounterIfNecessary
INFORMACIÓN: Channel &apos;org.springframework.context.support.ClassPathXmlApplicationContext@f4be7cb.booleanChannel&apos; has 1 subscriber(s).
sep 29, 2017 10:59:37 PM org.springframework.integration.endpoint.EventDrivenConsumer start
INFORMACIÓN: started org.springframework.integration.config.ConsumerEndpointFactoryBean#1
sep 29, 2017 10:59:37 PM org.springframework.integration.endpoint.EventDrivenConsumer logComponentSubscriptionEvent
INFORMACIÓN: Adding {service-activator} as a subscriber to the &apos;byteChannel&apos; channel
sep 29, 2017 10:59:37 PM org.springframework.integration.channel.DirectChannel adjustCounterIfNecessary
INFORMACIÓN: Channel &apos;org.springframework.context.support.ClassPathXmlApplicationContext@f4be7cb.byteChannel&apos; has 1 subscriber(s).
sep 29, 2017 10:59:37 PM org.springframework.integration.endpoint.EventDrivenConsumer start
INFORMACIÓN: started org.springframework.integration.config.ConsumerEndpointFactoryBean#2
sep 29, 2017 10:59:37 PM org.springframework.integration.endpoint.EventDrivenConsumer logComponentSubscriptionEvent
INFORMACIÓN: Adding {service-activator} as a subscriber to the &apos;charChannel&apos; channel
sep 29, 2017 10:59:37 PM org.springframework.integration.channel.DirectChannel adjustCounterIfNecessary
INFORMACIÓN: Channel &apos;org.springframework.context.support.ClassPathXmlApplicationContext@f4be7cb.charChannel&apos; has 1 subscriber(s).
sep 29, 2017 10:59:37 PM org.springframework.integration.endpoint.EventDrivenConsumer start
INFORMACIÓN: started org.springframework.integration.config.ConsumerEndpointFactoryBean#3
sep 29, 2017 10:59:37 PM org.springframework.integration.endpoint.EventDrivenConsumer logComponentSubscriptionEvent
INFORMACIÓN: Adding {service-activator} as a subscriber to the &apos;shortChannel&apos; channel
sep 29, 2017 10:59:37 PM org.springframework.integration.channel.DirectChannel adjustCounterIfNecessary
INFORMACIÓN: Channel &apos;org.springframework.context.support.ClassPathXmlApplicationContext@f4be7cb.shortChannel&apos; has 1 subscriber(s).
sep 29, 2017 10:59:37 PM org.springframework.integration.endpoint.EventDrivenConsumer start
INFORMACIÓN: started org.springframework.integration.config.ConsumerEndpointFactoryBean#4
sep 29, 2017 10:59:37 PM org.springframework.integration.endpoint.EventDrivenConsumer logComponentSubscriptionEvent
INFORMACIÓN: Adding {service-activator} as a subscriber to the &apos;intChannel&apos; channel
sep 29, 2017 10:59:37 PM org.springframework.integration.channel.DirectChannel adjustCounterIfNecessary
INFORMACIÓN: Channel &apos;org.springframework.context.support.ClassPathXmlApplicationContext@f4be7cb.intChannel&apos; has 1 subscriber(s).
sep 29, 2017 10:59:37 PM org.springframework.integration.endpoint.EventDrivenConsumer start
INFORMACIÓN: started org.springframework.integration.config.ConsumerEndpointFactoryBean#5
sep 29, 2017 10:59:37 PM org.springframework.integration.endpoint.EventDrivenConsumer logComponentSubscriptionEvent
INFORMACIÓN: Adding {service-activator} as a subscriber to the &apos;longChannel&apos; channel
sep 29, 2017 10:59:37 PM org.springframework.integration.channel.DirectChannel adjustCounterIfNecessary
INFORMACIÓN: Channel &apos;org.springframework.context.support.ClassPathXmlApplicationContext@f4be7cb.longChannel&apos; has 1 subscriber(s).
sep 29, 2017 10:59:37 PM org.springframework.integration.endpoint.EventDrivenConsumer start
INFORMACIÓN: started org.springframework.integration.config.ConsumerEndpointFactoryBean#6
sep 29, 2017 10:59:37 PM org.springframework.integration.endpoint.EventDrivenConsumer logComponentSubscriptionEvent
INFORMACIÓN: Adding {service-activator} as a subscriber to the &apos;floatChannel&apos; channel
sep 29, 2017 10:59:37 PM org.springframework.integration.channel.DirectChannel adjustCounterIfNecessary
INFORMACIÓN: Channel &apos;org.springframework.context.support.ClassPathXmlApplicationContext@f4be7cb.floatChannel&apos; has 1 subscriber(s).
sep 29, 2017 10:59:37 PM org.springframework.integration.endpoint.EventDrivenConsumer start
INFORMACIÓN: started org.springframework.integration.config.ConsumerEndpointFactoryBean#7
sep 29, 2017 10:59:37 PM org.springframework.integration.endpoint.EventDrivenConsumer logComponentSubscriptionEvent
INFORMACIÓN: Adding {service-activator} as a subscriber to the &apos;doubleChannel&apos; channel
sep 29, 2017 10:59:37 PM org.springframework.integration.channel.DirectChannel adjustCounterIfNecessary
INFORMACIÓN: Channel &apos;org.springframework.context.support.ClassPathXmlApplicationContext@f4be7cb.doubleChannel&apos; has 1 subscriber(s).
sep 29, 2017 10:59:37 PM org.springframework.integration.endpoint.EventDrivenConsumer start
INFORMACIÓN: started org.springframework.integration.config.ConsumerEndpointFactoryBean#8
sep 29, 2017 10:59:37 PM org.springframework.integration.endpoint.EventDrivenConsumer logComponentSubscriptionEvent
INFORMACIÓN: Adding {service-activator} as a subscriber to the &apos;stringChannel&apos; channel
sep 29, 2017 10:59:37 PM org.springframework.integration.channel.DirectChannel adjustCounterIfNecessary
INFORMACIÓN: Channel &apos;org.springframework.context.support.ClassPathXmlApplicationContext@f4be7cb.stringChannel&apos; has 1 subscriber(s).
sep 29, 2017 10:59:37 PM org.springframework.integration.endpoint.EventDrivenConsumer start
INFORMACIÓN: started org.springframework.integration.config.ConsumerEndpointFactoryBean#9
sep 29, 2017 10:59:37 PM org.springframework.integration.endpoint.EventDrivenConsumer logComponentSubscriptionEvent
INFORMACIÓN: Adding {service-activator} as a subscriber to the &apos;enumChannel&apos; channel
sep 29, 2017 10:59:37 PM org.springframework.integration.channel.DirectChannel adjustCounterIfNecessary
INFORMACIÓN: Channel &apos;org.springframework.context.support.ClassPathXmlApplicationContext@f4be7cb.enumChannel&apos; has 1 subscriber(s).
sep 29, 2017 10:59:37 PM org.springframework.integration.endpoint.EventDrivenConsumer start
INFORMACIÓN: started org.springframework.integration.config.ConsumerEndpointFactoryBean#10
sep 29, 2017 10:59:37 PM org.springframework.integration.endpoint.EventDrivenConsumer logComponentSubscriptionEvent
INFORMACIÓN: Adding {service-activator} as a subscriber to the &apos;genericTypeChannel&apos; channel
sep 29, 2017 10:59:37 PM org.springframework.integration.channel.DirectChannel adjustCounterIfNecessary
INFORMACIÓN: Channel &apos;org.springframework.context.support.ClassPathXmlApplicationContext@f4be7cb.genericTypeChannel&apos; has 1 subscriber(s).
sep 29, 2017 10:59:37 PM org.springframework.integration.endpoint.EventDrivenConsumer start
INFORMACIÓN: started org.springframework.integration.config.ConsumerEndpointFactoryBean#11
sep 29, 2017 10:59:37 PM org.springframework.integration.endpoint.EventDrivenConsumer logComponentSubscriptionEvent
INFORMACIÓN: Adding {logging-channel-adapter:_org.springframework.integration.errorLogger} as a subscriber to the &apos;errorChannel&apos; channel
sep 29, 2017 10:59:37 PM org.springframework.integration.channel.PublishSubscribeChannel adjustCounterIfNecessary
INFORMACIÓN: Channel &apos;org.springframework.context.support.ClassPathXmlApplicationContext@f4be7cb.errorChannel&apos; has 1 subscriber(s).
sep 29, 2017 10:59:37 PM org.springframework.integration.endpoint.EventDrivenConsumer start
INFORMACIÓN: started _org.springframework.integration.errorLogger
sep 29, 2017 10:59:37 PM co.edu.uniandes.csw.traducciones.persistence.SolicitudPersistence update
INFORMACIÓN: Actualizando Solicitud con id=3.917.711.352.277.900
</system-err>
  </testcase>
</testsuite>